Created by PLY version 3.8 (http://www.dabeaz.com/ply)

Unused terminals:

    PAR

Grammar

Rule 0     S' -> expression
Rule 1     expression -> SUPPRIMER PERSONNE NOM EQUALS noms facul2
Rule 2     expression -> AFFICHER PERSONNE
Rule 3     expression -> AFFICHER PERSONNE facul3
Rule 4     facul3 -> NOM EQUALS noms facul2
Rule 5     facul3 -> facul2
Rule 6     facul2 -> PRENOM EQUALS prenoms facul
Rule 7     facul2 -> facul
Rule 8     expression -> AJOUTER PERSONNE NOM EQUALS noms PRENOM EQUALS prenoms LOGIN EQUALS ID MDPASS EQUALS TEXT SEXE EQUALS SEX TYPE EQUALS ID facul
Rule 9     noms -> ID
Rule 10    noms -> ID noms
Rule 11    prenoms -> ID
Rule 12    prenoms -> ID prenoms
Rule 13    condition_modif -> attribut EQUALS element
Rule 14    condition_modif -> attribut EQUALS element ET condition_modif
Rule 15    attribut -> NOM
Rule 16    attribut -> PRENOM
Rule 17    attribut -> ADRS
Rule 18    attribut -> PROMOTION
Rule 19    attribut -> MAIL
Rule 20    attribut -> LIEUNAIS
Rule 21    attribut -> NUMERO
Rule 22    attribut -> DATENAIS
Rule 23    element -> ID
Rule 24    element -> TEXT
Rule 25    element -> NUM
Rule 26    element -> MAILXP
Rule 27    element -> DATE
Rule 28    element -> PROMOXP
Rule 29    element -> SEX
Rule 30    expression -> MODIFIER attribut PERSONNE condition_modif NOUVEAU EQUALS element
Rule 31    facul -> date_naiss facul
Rule 32    facul -> sexuality facul
Rule 33    facul -> lieu_nais facul
Rule 34    facul -> adresses facul
Rule 35    facul -> type facul
Rule 36    facul -> promotion facul
Rule 37    facul -> login facul
Rule 38    facul -> mail facul
Rule 39    facul -> mdp facul
Rule 40    facul -> numero facul
Rule 41    facul -> <empty>
Rule 42    date_naiss -> DATENAIS EQUALS DATE
Rule 43    sexuality -> SEXE EQUALS SEX
Rule 44    adresses -> ADRS EQUALS TEXT
Rule 45    lieu_nais -> LIEUNAIS EQUALS TEXT
Rule 46    type -> TYPE EQUALS NUM
Rule 47    promotion -> PROMOTION EQUALS PROMOXP
Rule 48    mdp -> MDPASS EQUALS TEXT
Rule 49    numero -> NUMERO EQUALS NUM
Rule 50    mail -> MAIL EQUALS MAILXP
Rule 51    login -> LOGIN EQUALS ID
Rule 52    expression -> AFFICHER GROUPE
Rule 53    expression -> AFFICHER UV
Rule 54    expression -> AFFICHER MODULE facul_uv
Rule 55    facul_uv -> UV EQUALS TEXT
Rule 56    expression -> AJOUTER GROUPE TEXT
Rule 57    expression -> MODIFIER GROUPE condition_modifier_groupe NOUVEAU EQUALS TEXT
Rule 58    condition_modifier_groupe -> NOM EQUALS TEXT
Rule 59    expression -> SUPPRIMER GROUPE TEXT
Rule 60    expression -> AJOUTER UV TEXT NUM EQUALS FLOAT
Rule 61    expression -> MODIFIER UV condition_modifier_uv NOUVEAU EQUALS TEXT
Rule 62    condition_modifier_uv -> NOM EQUALS TEXT
Rule 63    expression -> SUPPRIMER UV TEXT
Rule 64    expression -> AJOUTER MODULE TEXT UV EQUALS TEXT
Rule 65    expression -> MODIFIER MODULE condition_modifier_module but_modifier_module
Rule 66    condition_modifier_module -> NOM EQUALS TEXT
Rule 67    but_modifier_module -> NOUVEAU EQUALS TEXT
Rule 68    but_modifier_module -> NOUVEAU EQUALS TEXT UV EQUALS TEXT
Rule 69    expression -> SUPPRIMER MODULE TEXT

Terminals, with rules where they appear

ADRS                 : 17 44
AFFICHER             : 2 3 52 53 54
AJOUTER              : 8 56 60 64
DATE                 : 27 42
DATENAIS             : 22 42
EQUALS               : 1 4 6 8 8 8 8 8 8 13 14 30 42 43 44 45 46 47 48 49 50 51 55 57 58 60 61 62 64 66 67 68 68
ET                   : 14
FLOAT                : 60
GROUPE               : 52 56 57 59
ID                   : 8 8 9 10 11 12 23 51
LIEUNAIS             : 20 45
LOGIN                : 8 51
MAIL                 : 19 50
MAILXP               : 26 50
MDPASS               : 8 48
MODIFIER             : 30 57 61 65
MODULE               : 54 64 65 69
NOM                  : 1 4 8 15 58 62 66
NOUVEAU              : 30 57 61 67 68
NUM                  : 25 46 49 60
NUMERO               : 21 49
PAR                  : 
PERSONNE             : 1 2 3 8 30
PRENOM               : 6 8 16
PROMOTION            : 18 47
PROMOXP              : 28 47
SEX                  : 8 29 43
SEXE                 : 8 43
SUPPRIMER            : 1 59 63 69
TEXT                 : 8 24 44 45 48 55 56 57 58 59 60 61 62 63 64 64 66 67 68 68 69
TYPE                 : 8 46
UV                   : 53 55 60 61 63 64 68
error                : 

Nonterminals, with rules where they appear

adresses             : 34
attribut             : 13 14 30
but_modifier_module  : 65
condition_modif      : 14 30
condition_modifier_groupe : 57
condition_modifier_module : 65
condition_modifier_uv : 61
date_naiss           : 31
element              : 13 14 30
expression           : 0
facul                : 6 7 8 31 32 33 34 35 36 37 38 39 40
facul2               : 1 4 5
facul3               : 3
facul_uv             : 54
lieu_nais            : 33
login                : 37
mail                 : 38
mdp                  : 39
noms                 : 1 4 8 10
numero               : 40
prenoms              : 6 8 12
promotion            : 36
sexuality            : 32
type                 : 35

Parsing method: LALR

state 0

    (0) S' -> . expression
    (1) expression -> . SUPPRIMER PERSONNE NOM EQUALS noms facul2
    (2) expression -> . AFFICHER PERSONNE
    (3) expression -> . AFFICHER PERSONNE facul3
    (8) expression -> . AJOUTER PERSONNE NOM EQUALS noms PRENOM EQUALS prenoms LOGIN EQUALS ID MDPASS EQUALS TEXT SEXE EQUALS SEX TYPE EQUALS ID facul
    (30) expression -> . MODIFIER attribut PERSONNE condition_modif NOUVEAU EQUALS element
    (52) expression -> . AFFICHER GROUPE
    (53) expression -> . AFFICHER UV
    (54) expression -> . AFFICHER MODULE facul_uv
    (56) expression -> . AJOUTER GROUPE TEXT
    (57) expression -> . MODIFIER GROUPE condition_modifier_groupe NOUVEAU EQUALS TEXT
    (59) expression -> . SUPPRIMER GROUPE TEXT
    (60) expression -> . AJOUTER UV TEXT NUM EQUALS FLOAT
    (61) expression -> . MODIFIER UV condition_modifier_uv NOUVEAU EQUALS TEXT
    (63) expression -> . SUPPRIMER UV TEXT
    (64) expression -> . AJOUTER MODULE TEXT UV EQUALS TEXT
    (65) expression -> . MODIFIER MODULE condition_modifier_module but_modifier_module
    (69) expression -> . SUPPRIMER MODULE TEXT

    SUPPRIMER       shift and go to state 1
    AFFICHER        shift and go to state 2
    AJOUTER         shift and go to state 5
    MODIFIER        shift and go to state 3

    expression                     shift and go to state 4

state 1

    (1) expression -> SUPPRIMER . PERSONNE NOM EQUALS noms facul2
    (59) expression -> SUPPRIMER . GROUPE TEXT
    (63) expression -> SUPPRIMER . UV TEXT
    (69) expression -> SUPPRIMER . MODULE TEXT

    PERSONNE        shift and go to state 9
    GROUPE          shift and go to state 7
    UV              shift and go to state 8
    MODULE          shift and go to state 6


state 2

    (2) expression -> AFFICHER . PERSONNE
    (3) expression -> AFFICHER . PERSONNE facul3
    (52) expression -> AFFICHER . GROUPE
    (53) expression -> AFFICHER . UV
    (54) expression -> AFFICHER . MODULE facul_uv

    PERSONNE        shift and go to state 13
    GROUPE          shift and go to state 12
    UV              shift and go to state 10
    MODULE          shift and go to state 11


state 3

    (30) expression -> MODIFIER . attribut PERSONNE condition_modif NOUVEAU EQUALS element
    (57) expression -> MODIFIER . GROUPE condition_modifier_groupe NOUVEAU EQUALS TEXT
    (61) expression -> MODIFIER . UV condition_modifier_uv NOUVEAU EQUALS TEXT
    (65) expression -> MODIFIER . MODULE condition_modifier_module but_modifier_module
    (15) attribut -> . NOM
    (16) attribut -> . PRENOM
    (17) attribut -> . ADRS
    (18) attribut -> . PROMOTION
    (19) attribut -> . MAIL
    (20) attribut -> . LIEUNAIS
    (21) attribut -> . NUMERO
    (22) attribut -> . DATENAIS

    GROUPE          shift and go to state 25
    UV              shift and go to state 19
    MODULE          shift and go to state 20
    NOM             shift and go to state 16
    PRENOM          shift and go to state 24
    ADRS            shift and go to state 21
    PROMOTION       shift and go to state 15
    MAIL            shift and go to state 18
    LIEUNAIS        shift and go to state 14
    NUMERO          shift and go to state 23
    DATENAIS        shift and go to state 22

    attribut                       shift and go to state 17

state 4

    (0) S' -> expression .



state 5

    (8) expression -> AJOUTER . PERSONNE NOM EQUALS noms PRENOM EQUALS prenoms LOGIN EQUALS ID MDPASS EQUALS TEXT SEXE EQUALS SEX TYPE EQUALS ID facul
    (56) expression -> AJOUTER . GROUPE TEXT
    (60) expression -> AJOUTER . UV TEXT NUM EQUALS FLOAT
    (64) expression -> AJOUTER . MODULE TEXT UV EQUALS TEXT

    PERSONNE        shift and go to state 29
    GROUPE          shift and go to state 28
    UV              shift and go to state 27
    MODULE          shift and go to state 26


state 6

    (69) expression -> SUPPRIMER MODULE . TEXT

    TEXT            shift and go to state 30


state 7

    (59) expression -> SUPPRIMER GROUPE . TEXT

    TEXT            shift and go to state 31


state 8

    (63) expression -> SUPPRIMER UV . TEXT

    TEXT            shift and go to state 32


state 9

    (1) expression -> SUPPRIMER PERSONNE . NOM EQUALS noms facul2

    NOM             shift and go to state 33


state 10

    (53) expression -> AFFICHER UV .

    $end            reduce using rule 53 (expression -> AFFICHER UV .)


state 11

    (54) expression -> AFFICHER MODULE . facul_uv
    (55) facul_uv -> . UV EQUALS TEXT

    UV              shift and go to state 34

    facul_uv                       shift and go to state 35

state 12

    (52) expression -> AFFICHER GROUPE .

    $end            reduce using rule 52 (expression -> AFFICHER GROUPE .)


state 13

    (2) expression -> AFFICHER PERSONNE .
    (3) expression -> AFFICHER PERSONNE . facul3
    (4) facul3 -> . NOM EQUALS noms facul2
    (5) facul3 -> . facul2
    (6) facul2 -> . PRENOM EQUALS prenoms facul
    (7) facul2 -> . facul
    (31) facul -> . date_naiss facul
    (32) facul -> . sexuality facul
    (33) facul -> . lieu_nais facul
    (34) facul -> . adresses facul
    (35) facul -> . type facul
    (36) facul -> . promotion facul
    (37) facul -> . login facul
    (38) facul -> . mail facul
    (39) facul -> . mdp facul
    (40) facul -> . numero facul
    (41) facul -> .
    (42) date_naiss -> . DATENAIS EQUALS DATE
    (43) sexuality -> . SEXE EQUALS SEX
    (45) lieu_nais -> . LIEUNAIS EQUALS TEXT
    (44) adresses -> . ADRS EQUALS TEXT
    (46) type -> . TYPE EQUALS NUM
    (47) promotion -> . PROMOTION EQUALS PROMOXP
    (51) login -> . LOGIN EQUALS ID
    (50) mail -> . MAIL EQUALS MAILXP
    (48) mdp -> . MDPASS EQUALS TEXT
    (49) numero -> . NUMERO EQUALS NUM

  ! reduce/reduce conflict for $end resolved using rule 2 (expression -> AFFICHER PERSONNE .)
    $end            reduce using rule 2 (expression -> AFFICHER PERSONNE .)
    NOM             shift and go to state 38
    PRENOM          shift and go to state 57
    DATENAIS        shift and go to state 40
    SEXE            shift and go to state 55
    LIEUNAIS        shift and go to state 45
    ADRS            shift and go to state 52
    TYPE            shift and go to state 48
    PROMOTION       shift and go to state 44
    LOGIN           shift and go to state 51
    MAIL            shift and go to state 43
    MDPASS          shift and go to state 47
    NUMERO          shift and go to state 54

  ! $end            [ reduce using rule 41 (facul -> .) ]

    login                          shift and go to state 36
    mail                           shift and go to state 49
    adresses                       shift and go to state 50
    mdp                            shift and go to state 42
    numero                         shift and go to state 37
    promotion                      shift and go to state 39
    lieu_nais                      shift and go to state 53
    date_naiss                     shift and go to state 41
    facul                          shift and go to state 46
    sexuality                      shift and go to state 56
    facul3                         shift and go to state 58
    facul2                         shift and go to state 59
    type                           shift and go to state 60

state 14

    (20) attribut -> LIEUNAIS .

    PERSONNE        reduce using rule 20 (attribut -> LIEUNAIS .)
    EQUALS          reduce using rule 20 (attribut -> LIEUNAIS .)


state 15

    (18) attribut -> PROMOTION .

    PERSONNE        reduce using rule 18 (attribut -> PROMOTION .)
    EQUALS          reduce using rule 18 (attribut -> PROMOTION .)


state 16

    (15) attribut -> NOM .

    PERSONNE        reduce using rule 15 (attribut -> NOM .)
    EQUALS          reduce using rule 15 (attribut -> NOM .)


state 17

    (30) expression -> MODIFIER attribut . PERSONNE condition_modif NOUVEAU EQUALS element

    PERSONNE        shift and go to state 61


state 18

    (19) attribut -> MAIL .

    PERSONNE        reduce using rule 19 (attribut -> MAIL .)
    EQUALS          reduce using rule 19 (attribut -> MAIL .)


state 19

    (61) expression -> MODIFIER UV . condition_modifier_uv NOUVEAU EQUALS TEXT
    (62) condition_modifier_uv -> . NOM EQUALS TEXT

    NOM             shift and go to state 63

    condition_modifier_uv          shift and go to state 62

state 20

    (65) expression -> MODIFIER MODULE . condition_modifier_module but_modifier_module
    (66) condition_modifier_module -> . NOM EQUALS TEXT

    NOM             shift and go to state 65

    condition_modifier_module      shift and go to state 64

state 21

    (17) attribut -> ADRS .

    PERSONNE        reduce using rule 17 (attribut -> ADRS .)
    EQUALS          reduce using rule 17 (attribut -> ADRS .)


state 22

    (22) attribut -> DATENAIS .

    PERSONNE        reduce using rule 22 (attribut -> DATENAIS .)
    EQUALS          reduce using rule 22 (attribut -> DATENAIS .)


state 23

    (21) attribut -> NUMERO .

    PERSONNE        reduce using rule 21 (attribut -> NUMERO .)
    EQUALS          reduce using rule 21 (attribut -> NUMERO .)


state 24

    (16) attribut -> PRENOM .

    PERSONNE        reduce using rule 16 (attribut -> PRENOM .)
    EQUALS          reduce using rule 16 (attribut -> PRENOM .)


state 25

    (57) expression -> MODIFIER GROUPE . condition_modifier_groupe NOUVEAU EQUALS TEXT
    (58) condition_modifier_groupe -> . NOM EQUALS TEXT

    NOM             shift and go to state 67

    condition_modifier_groupe      shift and go to state 66

state 26

    (64) expression -> AJOUTER MODULE . TEXT UV EQUALS TEXT

    TEXT            shift and go to state 68


state 27

    (60) expression -> AJOUTER UV . TEXT NUM EQUALS FLOAT

    TEXT            shift and go to state 69


state 28

    (56) expression -> AJOUTER GROUPE . TEXT

    TEXT            shift and go to state 70


state 29

    (8) expression -> AJOUTER PERSONNE . NOM EQUALS noms PRENOM EQUALS prenoms LOGIN EQUALS ID MDPASS EQUALS TEXT SEXE EQUALS SEX TYPE EQUALS ID facul

    NOM             shift and go to state 71


state 30

    (69) expression -> SUPPRIMER MODULE TEXT .

    $end            reduce using rule 69 (expression -> SUPPRIMER MODULE TEXT .)


state 31

    (59) expression -> SUPPRIMER GROUPE TEXT .

    $end            reduce using rule 59 (expression -> SUPPRIMER GROUPE TEXT .)


state 32

    (63) expression -> SUPPRIMER UV TEXT .

    $end            reduce using rule 63 (expression -> SUPPRIMER UV TEXT .)


state 33

    (1) expression -> SUPPRIMER PERSONNE NOM . EQUALS noms facul2

    EQUALS          shift and go to state 72


state 34

    (55) facul_uv -> UV . EQUALS TEXT

    EQUALS          shift and go to state 73


state 35

    (54) expression -> AFFICHER MODULE facul_uv .

    $end            reduce using rule 54 (expression -> AFFICHER MODULE facul_uv .)


state 36

    (37) facul -> login . facul
    (31) facul -> . date_naiss facul
    (32) facul -> . sexuality facul
    (33) facul -> . lieu_nais facul
    (34) facul -> . adresses facul
    (35) facul -> . type facul
    (36) facul -> . promotion facul
    (37) facul -> . login facul
    (38) facul -> . mail facul
    (39) facul -> . mdp facul
    (40) facul -> . numero facul
    (41) facul -> .
    (42) date_naiss -> . DATENAIS EQUALS DATE
    (43) sexuality -> . SEXE EQUALS SEX
    (45) lieu_nais -> . LIEUNAIS EQUALS TEXT
    (44) adresses -> . ADRS EQUALS TEXT
    (46) type -> . TYPE EQUALS NUM
    (47) promotion -> . PROMOTION EQUALS PROMOXP
    (51) login -> . LOGIN EQUALS ID
    (50) mail -> . MAIL EQUALS MAILXP
    (48) mdp -> . MDPASS EQUALS TEXT
    (49) numero -> . NUMERO EQUALS NUM

    $end            reduce using rule 41 (facul -> .)
    DATENAIS        shift and go to state 40
    SEXE            shift and go to state 55
    LIEUNAIS        shift and go to state 45
    ADRS            shift and go to state 52
    TYPE            shift and go to state 48
    PROMOTION       shift and go to state 44
    LOGIN           shift and go to state 51
    MAIL            shift and go to state 43
    MDPASS          shift and go to state 47
    NUMERO          shift and go to state 54

    login                          shift and go to state 36
    date_naiss                     shift and go to state 41
    adresses                       shift and go to state 50
    mail                           shift and go to state 49
    mdp                            shift and go to state 42
    facul                          shift and go to state 74
    sexuality                      shift and go to state 56
    promotion                      shift and go to state 39
    lieu_nais                      shift and go to state 53
    numero                         shift and go to state 37
    type                           shift and go to state 60

state 37

    (40) facul -> numero . facul
    (31) facul -> . date_naiss facul
    (32) facul -> . sexuality facul
    (33) facul -> . lieu_nais facul
    (34) facul -> . adresses facul
    (35) facul -> . type facul
    (36) facul -> . promotion facul
    (37) facul -> . login facul
    (38) facul -> . mail facul
    (39) facul -> . mdp facul
    (40) facul -> . numero facul
    (41) facul -> .
    (42) date_naiss -> . DATENAIS EQUALS DATE
    (43) sexuality -> . SEXE EQUALS SEX
    (45) lieu_nais -> . LIEUNAIS EQUALS TEXT
    (44) adresses -> . ADRS EQUALS TEXT
    (46) type -> . TYPE EQUALS NUM
    (47) promotion -> . PROMOTION EQUALS PROMOXP
    (51) login -> . LOGIN EQUALS ID
    (50) mail -> . MAIL EQUALS MAILXP
    (48) mdp -> . MDPASS EQUALS TEXT
    (49) numero -> . NUMERO EQUALS NUM

    $end            reduce using rule 41 (facul -> .)
    DATENAIS        shift and go to state 40
    SEXE            shift and go to state 55
    LIEUNAIS        shift and go to state 45
    ADRS            shift and go to state 52
    TYPE            shift and go to state 48
    PROMOTION       shift and go to state 44
    LOGIN           shift and go to state 51
    MAIL            shift and go to state 43
    MDPASS          shift and go to state 47
    NUMERO          shift and go to state 54

    lieu_nais                      shift and go to state 53
    date_naiss                     shift and go to state 41
    adresses                       shift and go to state 50
    login                          shift and go to state 36
    facul                          shift and go to state 75
    numero                         shift and go to state 37
    sexuality                      shift and go to state 56
    mail                           shift and go to state 49
    promotion                      shift and go to state 39
    mdp                            shift and go to state 42
    type                           shift and go to state 60

state 38

    (4) facul3 -> NOM . EQUALS noms facul2

    EQUALS          shift and go to state 76


state 39

    (36) facul -> promotion . facul
    (31) facul -> . date_naiss facul
    (32) facul -> . sexuality facul
    (33) facul -> . lieu_nais facul
    (34) facul -> . adresses facul
    (35) facul -> . type facul
    (36) facul -> . promotion facul
    (37) facul -> . login facul
    (38) facul -> . mail facul
    (39) facul -> . mdp facul
    (40) facul -> . numero facul
    (41) facul -> .
    (42) date_naiss -> . DATENAIS EQUALS DATE
    (43) sexuality -> . SEXE EQUALS SEX
    (45) lieu_nais -> . LIEUNAIS EQUALS TEXT
    (44) adresses -> . ADRS EQUALS TEXT
    (46) type -> . TYPE EQUALS NUM
    (47) promotion -> . PROMOTION EQUALS PROMOXP
    (51) login -> . LOGIN EQUALS ID
    (50) mail -> . MAIL EQUALS MAILXP
    (48) mdp -> . MDPASS EQUALS TEXT
    (49) numero -> . NUMERO EQUALS NUM

    $end            reduce using rule 41 (facul -> .)
    DATENAIS        shift and go to state 40
    SEXE            shift and go to state 55
    LIEUNAIS        shift and go to state 45
    ADRS            shift and go to state 52
    TYPE            shift and go to state 48
    PROMOTION       shift and go to state 44
    LOGIN           shift and go to state 51
    MAIL            shift and go to state 43
    MDPASS          shift and go to state 47
    NUMERO          shift and go to state 54

    lieu_nais                      shift and go to state 53
    date_naiss                     shift and go to state 41
    adresses                       shift and go to state 50
    login                          shift and go to state 36
    numero                         shift and go to state 37
    facul                          shift and go to state 77
    sexuality                      shift and go to state 56
    mail                           shift and go to state 49
    type                           shift and go to state 60
    mdp                            shift and go to state 42
    promotion                      shift and go to state 39

state 40

    (42) date_naiss -> DATENAIS . EQUALS DATE

    EQUALS          shift and go to state 78


state 41

    (31) facul -> date_naiss . facul
    (31) facul -> . date_naiss facul
    (32) facul -> . sexuality facul
    (33) facul -> . lieu_nais facul
    (34) facul -> . adresses facul
    (35) facul -> . type facul
    (36) facul -> . promotion facul
    (37) facul -> . login facul
    (38) facul -> . mail facul
    (39) facul -> . mdp facul
    (40) facul -> . numero facul
    (41) facul -> .
    (42) date_naiss -> . DATENAIS EQUALS DATE
    (43) sexuality -> . SEXE EQUALS SEX
    (45) lieu_nais -> . LIEUNAIS EQUALS TEXT
    (44) adresses -> . ADRS EQUALS TEXT
    (46) type -> . TYPE EQUALS NUM
    (47) promotion -> . PROMOTION EQUALS PROMOXP
    (51) login -> . LOGIN EQUALS ID
    (50) mail -> . MAIL EQUALS MAILXP
    (48) mdp -> . MDPASS EQUALS TEXT
    (49) numero -> . NUMERO EQUALS NUM

    $end            reduce using rule 41 (facul -> .)
    DATENAIS        shift and go to state 40
    SEXE            shift and go to state 55
    LIEUNAIS        shift and go to state 45
    ADRS            shift and go to state 52
    TYPE            shift and go to state 48
    PROMOTION       shift and go to state 44
    LOGIN           shift and go to state 51
    MAIL            shift and go to state 43
    MDPASS          shift and go to state 47
    NUMERO          shift and go to state 54

    lieu_nais                      shift and go to state 53
    date_naiss                     shift and go to state 41
    adresses                       shift and go to state 50
    login                          shift and go to state 36
    numero                         shift and go to state 37
    facul                          shift and go to state 79
    sexuality                      shift and go to state 56
    mail                           shift and go to state 49
    promotion                      shift and go to state 39
    mdp                            shift and go to state 42
    type                           shift and go to state 60

state 42

    (39) facul -> mdp . facul
    (31) facul -> . date_naiss facul
    (32) facul -> . sexuality facul
    (33) facul -> . lieu_nais facul
    (34) facul -> . adresses facul
    (35) facul -> . type facul
    (36) facul -> . promotion facul
    (37) facul -> . login facul
    (38) facul -> . mail facul
    (39) facul -> . mdp facul
    (40) facul -> . numero facul
    (41) facul -> .
    (42) date_naiss -> . DATENAIS EQUALS DATE
    (43) sexuality -> . SEXE EQUALS SEX
    (45) lieu_nais -> . LIEUNAIS EQUALS TEXT
    (44) adresses -> . ADRS EQUALS TEXT
    (46) type -> . TYPE EQUALS NUM
    (47) promotion -> . PROMOTION EQUALS PROMOXP
    (51) login -> . LOGIN EQUALS ID
    (50) mail -> . MAIL EQUALS MAILXP
    (48) mdp -> . MDPASS EQUALS TEXT
    (49) numero -> . NUMERO EQUALS NUM

    $end            reduce using rule 41 (facul -> .)
    DATENAIS        shift and go to state 40
    SEXE            shift and go to state 55
    LIEUNAIS        shift and go to state 45
    ADRS            shift and go to state 52
    TYPE            shift and go to state 48
    PROMOTION       shift and go to state 44
    LOGIN           shift and go to state 51
    MAIL            shift and go to state 43
    MDPASS          shift and go to state 47
    NUMERO          shift and go to state 54

    lieu_nais                      shift and go to state 53
    date_naiss                     shift and go to state 41
    adresses                       shift and go to state 50
    login                          shift and go to state 36
    promotion                      shift and go to state 39
    mdp                            shift and go to state 42
    sexuality                      shift and go to state 56
    mail                           shift and go to state 49
    facul                          shift and go to state 80
    numero                         shift and go to state 37
    type                           shift and go to state 60

state 43

    (50) mail -> MAIL . EQUALS MAILXP

    EQUALS          shift and go to state 81


state 44

    (47) promotion -> PROMOTION . EQUALS PROMOXP

    EQUALS          shift and go to state 82


state 45

    (45) lieu_nais -> LIEUNAIS . EQUALS TEXT

    EQUALS          shift and go to state 83


state 46

    (7) facul2 -> facul .

    $end            reduce using rule 7 (facul2 -> facul .)


state 47

    (48) mdp -> MDPASS . EQUALS TEXT

    EQUALS          shift and go to state 84


state 48

    (46) type -> TYPE . EQUALS NUM

    EQUALS          shift and go to state 85


state 49

    (38) facul -> mail . facul
    (31) facul -> . date_naiss facul
    (32) facul -> . sexuality facul
    (33) facul -> . lieu_nais facul
    (34) facul -> . adresses facul
    (35) facul -> . type facul
    (36) facul -> . promotion facul
    (37) facul -> . login facul
    (38) facul -> . mail facul
    (39) facul -> . mdp facul
    (40) facul -> . numero facul
    (41) facul -> .
    (42) date_naiss -> . DATENAIS EQUALS DATE
    (43) sexuality -> . SEXE EQUALS SEX
    (45) lieu_nais -> . LIEUNAIS EQUALS TEXT
    (44) adresses -> . ADRS EQUALS TEXT
    (46) type -> . TYPE EQUALS NUM
    (47) promotion -> . PROMOTION EQUALS PROMOXP
    (51) login -> . LOGIN EQUALS ID
    (50) mail -> . MAIL EQUALS MAILXP
    (48) mdp -> . MDPASS EQUALS TEXT
    (49) numero -> . NUMERO EQUALS NUM

    $end            reduce using rule 41 (facul -> .)
    DATENAIS        shift and go to state 40
    SEXE            shift and go to state 55
    LIEUNAIS        shift and go to state 45
    ADRS            shift and go to state 52
    TYPE            shift and go to state 48
    PROMOTION       shift and go to state 44
    LOGIN           shift and go to state 51
    MAIL            shift and go to state 43
    MDPASS          shift and go to state 47
    NUMERO          shift and go to state 54

    mail                           shift and go to state 49
    date_naiss                     shift and go to state 41
    adresses                       shift and go to state 50
    login                          shift and go to state 36
    mdp                            shift and go to state 42
    facul                          shift and go to state 86
    sexuality                      shift and go to state 56
    promotion                      shift and go to state 39
    lieu_nais                      shift and go to state 53
    numero                         shift and go to state 37
    type                           shift and go to state 60

state 50

    (34) facul -> adresses . facul
    (31) facul -> . date_naiss facul
    (32) facul -> . sexuality facul
    (33) facul -> . lieu_nais facul
    (34) facul -> . adresses facul
    (35) facul -> . type facul
    (36) facul -> . promotion facul
    (37) facul -> . login facul
    (38) facul -> . mail facul
    (39) facul -> . mdp facul
    (40) facul -> . numero facul
    (41) facul -> .
    (42) date_naiss -> . DATENAIS EQUALS DATE
    (43) sexuality -> . SEXE EQUALS SEX
    (45) lieu_nais -> . LIEUNAIS EQUALS TEXT
    (44) adresses -> . ADRS EQUALS TEXT
    (46) type -> . TYPE EQUALS NUM
    (47) promotion -> . PROMOTION EQUALS PROMOXP
    (51) login -> . LOGIN EQUALS ID
    (50) mail -> . MAIL EQUALS MAILXP
    (48) mdp -> . MDPASS EQUALS TEXT
    (49) numero -> . NUMERO EQUALS NUM

    $end            reduce using rule 41 (facul -> .)
    DATENAIS        shift and go to state 40
    SEXE            shift and go to state 55
    LIEUNAIS        shift and go to state 45
    ADRS            shift and go to state 52
    TYPE            shift and go to state 48
    PROMOTION       shift and go to state 44
    LOGIN           shift and go to state 51
    MAIL            shift and go to state 43
    MDPASS          shift and go to state 47
    NUMERO          shift and go to state 54

    lieu_nais                      shift and go to state 53
    date_naiss                     shift and go to state 41
    adresses                       shift and go to state 50
    login                          shift and go to state 36
    numero                         shift and go to state 37
    facul                          shift and go to state 87
    sexuality                      shift and go to state 56
    mail                           shift and go to state 49
    promotion                      shift and go to state 39
    mdp                            shift and go to state 42
    type                           shift and go to state 60

state 51

    (51) login -> LOGIN . EQUALS ID

    EQUALS          shift and go to state 88


state 52

    (44) adresses -> ADRS . EQUALS TEXT

    EQUALS          shift and go to state 89


state 53

    (33) facul -> lieu_nais . facul
    (31) facul -> . date_naiss facul
    (32) facul -> . sexuality facul
    (33) facul -> . lieu_nais facul
    (34) facul -> . adresses facul
    (35) facul -> . type facul
    (36) facul -> . promotion facul
    (37) facul -> . login facul
    (38) facul -> . mail facul
    (39) facul -> . mdp facul
    (40) facul -> . numero facul
    (41) facul -> .
    (42) date_naiss -> . DATENAIS EQUALS DATE
    (43) sexuality -> . SEXE EQUALS SEX
    (45) lieu_nais -> . LIEUNAIS EQUALS TEXT
    (44) adresses -> . ADRS EQUALS TEXT
    (46) type -> . TYPE EQUALS NUM
    (47) promotion -> . PROMOTION EQUALS PROMOXP
    (51) login -> . LOGIN EQUALS ID
    (50) mail -> . MAIL EQUALS MAILXP
    (48) mdp -> . MDPASS EQUALS TEXT
    (49) numero -> . NUMERO EQUALS NUM

    $end            reduce using rule 41 (facul -> .)
    DATENAIS        shift and go to state 40
    SEXE            shift and go to state 55
    LIEUNAIS        shift and go to state 45
    ADRS            shift and go to state 52
    TYPE            shift and go to state 48
    PROMOTION       shift and go to state 44
    LOGIN           shift and go to state 51
    MAIL            shift and go to state 43
    MDPASS          shift and go to state 47
    NUMERO          shift and go to state 54

    lieu_nais                      shift and go to state 53
    date_naiss                     shift and go to state 41
    adresses                       shift and go to state 50
    login                          shift and go to state 36
    numero                         shift and go to state 37
    facul                          shift and go to state 90
    sexuality                      shift and go to state 56
    mail                           shift and go to state 49
    promotion                      shift and go to state 39
    mdp                            shift and go to state 42
    type                           shift and go to state 60

state 54

    (49) numero -> NUMERO . EQUALS NUM

    EQUALS          shift and go to state 91


state 55

    (43) sexuality -> SEXE . EQUALS SEX

    EQUALS          shift and go to state 92


state 56

    (32) facul -> sexuality . facul
    (31) facul -> . date_naiss facul
    (32) facul -> . sexuality facul
    (33) facul -> . lieu_nais facul
    (34) facul -> . adresses facul
    (35) facul -> . type facul
    (36) facul -> . promotion facul
    (37) facul -> . login facul
    (38) facul -> . mail facul
    (39) facul -> . mdp facul
    (40) facul -> . numero facul
    (41) facul -> .
    (42) date_naiss -> . DATENAIS EQUALS DATE
    (43) sexuality -> . SEXE EQUALS SEX
    (45) lieu_nais -> . LIEUNAIS EQUALS TEXT
    (44) adresses -> . ADRS EQUALS TEXT
    (46) type -> . TYPE EQUALS NUM
    (47) promotion -> . PROMOTION EQUALS PROMOXP
    (51) login -> . LOGIN EQUALS ID
    (50) mail -> . MAIL EQUALS MAILXP
    (48) mdp -> . MDPASS EQUALS TEXT
    (49) numero -> . NUMERO EQUALS NUM

    $end            reduce using rule 41 (facul -> .)
    DATENAIS        shift and go to state 40
    SEXE            shift and go to state 55
    LIEUNAIS        shift and go to state 45
    ADRS            shift and go to state 52
    TYPE            shift and go to state 48
    PROMOTION       shift and go to state 44
    LOGIN           shift and go to state 51
    MAIL            shift and go to state 43
    MDPASS          shift and go to state 47
    NUMERO          shift and go to state 54

    lieu_nais                      shift and go to state 53
    date_naiss                     shift and go to state 41
    adresses                       shift and go to state 50
    login                          shift and go to state 36
    numero                         shift and go to state 37
    facul                          shift and go to state 93
    sexuality                      shift and go to state 56
    mail                           shift and go to state 49
    promotion                      shift and go to state 39
    mdp                            shift and go to state 42
    type                           shift and go to state 60

state 57

    (6) facul2 -> PRENOM . EQUALS prenoms facul

    EQUALS          shift and go to state 94


state 58

    (3) expression -> AFFICHER PERSONNE facul3 .

    $end            reduce using rule 3 (expression -> AFFICHER PERSONNE facul3 .)


state 59

    (5) facul3 -> facul2 .

    $end            reduce using rule 5 (facul3 -> facul2 .)


state 60

    (35) facul -> type . facul
    (31) facul -> . date_naiss facul
    (32) facul -> . sexuality facul
    (33) facul -> . lieu_nais facul
    (34) facul -> . adresses facul
    (35) facul -> . type facul
    (36) facul -> . promotion facul
    (37) facul -> . login facul
    (38) facul -> . mail facul
    (39) facul -> . mdp facul
    (40) facul -> . numero facul
    (41) facul -> .
    (42) date_naiss -> . DATENAIS EQUALS DATE
    (43) sexuality -> . SEXE EQUALS SEX
    (45) lieu_nais -> . LIEUNAIS EQUALS TEXT
    (44) adresses -> . ADRS EQUALS TEXT
    (46) type -> . TYPE EQUALS NUM
    (47) promotion -> . PROMOTION EQUALS PROMOXP
    (51) login -> . LOGIN EQUALS ID
    (50) mail -> . MAIL EQUALS MAILXP
    (48) mdp -> . MDPASS EQUALS TEXT
    (49) numero -> . NUMERO EQUALS NUM

    $end            reduce using rule 41 (facul -> .)
    DATENAIS        shift and go to state 40
    SEXE            shift and go to state 55
    LIEUNAIS        shift and go to state 45
    ADRS            shift and go to state 52
    TYPE            shift and go to state 48
    PROMOTION       shift and go to state 44
    LOGIN           shift and go to state 51
    MAIL            shift and go to state 43
    MDPASS          shift and go to state 47
    NUMERO          shift and go to state 54

    lieu_nais                      shift and go to state 53
    date_naiss                     shift and go to state 41
    adresses                       shift and go to state 50
    login                          shift and go to state 36
    numero                         shift and go to state 37
    facul                          shift and go to state 95
    sexuality                      shift and go to state 56
    mail                           shift and go to state 49
    promotion                      shift and go to state 39
    mdp                            shift and go to state 42
    type                           shift and go to state 60

state 61

    (30) expression -> MODIFIER attribut PERSONNE . condition_modif NOUVEAU EQUALS element
    (13) condition_modif -> . attribut EQUALS element
    (14) condition_modif -> . attribut EQUALS element ET condition_modif
    (15) attribut -> . NOM
    (16) attribut -> . PRENOM
    (17) attribut -> . ADRS
    (18) attribut -> . PROMOTION
    (19) attribut -> . MAIL
    (20) attribut -> . LIEUNAIS
    (21) attribut -> . NUMERO
    (22) attribut -> . DATENAIS

    NOM             shift and go to state 16
    PRENOM          shift and go to state 24
    ADRS            shift and go to state 21
    PROMOTION       shift and go to state 15
    MAIL            shift and go to state 18
    LIEUNAIS        shift and go to state 14
    NUMERO          shift and go to state 23
    DATENAIS        shift and go to state 22

    attribut                       shift and go to state 96
    condition_modif                shift and go to state 97

state 62

    (61) expression -> MODIFIER UV condition_modifier_uv . NOUVEAU EQUALS TEXT

    NOUVEAU         shift and go to state 98


state 63

    (62) condition_modifier_uv -> NOM . EQUALS TEXT

    EQUALS          shift and go to state 99


state 64

    (65) expression -> MODIFIER MODULE condition_modifier_module . but_modifier_module
    (67) but_modifier_module -> . NOUVEAU EQUALS TEXT
    (68) but_modifier_module -> . NOUVEAU EQUALS TEXT UV EQUALS TEXT

    NOUVEAU         shift and go to state 101

    but_modifier_module            shift and go to state 100

state 65

    (66) condition_modifier_module -> NOM . EQUALS TEXT

    EQUALS          shift and go to state 102


state 66

    (57) expression -> MODIFIER GROUPE condition_modifier_groupe . NOUVEAU EQUALS TEXT

    NOUVEAU         shift and go to state 103


state 67

    (58) condition_modifier_groupe -> NOM . EQUALS TEXT

    EQUALS          shift and go to state 104


state 68

    (64) expression -> AJOUTER MODULE TEXT . UV EQUALS TEXT

    UV              shift and go to state 105


state 69

    (60) expression -> AJOUTER UV TEXT . NUM EQUALS FLOAT

    NUM             shift and go to state 106


state 70

    (56) expression -> AJOUTER GROUPE TEXT .

    $end            reduce using rule 56 (expression -> AJOUTER GROUPE TEXT .)


state 71

    (8) expression -> AJOUTER PERSONNE NOM . EQUALS noms PRENOM EQUALS prenoms LOGIN EQUALS ID MDPASS EQUALS TEXT SEXE EQUALS SEX TYPE EQUALS ID facul

    EQUALS          shift and go to state 107


state 72

    (1) expression -> SUPPRIMER PERSONNE NOM EQUALS . noms facul2
    (9) noms -> . ID
    (10) noms -> . ID noms

    ID              shift and go to state 109

    noms                           shift and go to state 108

state 73

    (55) facul_uv -> UV EQUALS . TEXT

    TEXT            shift and go to state 110


state 74

    (37) facul -> login facul .

    $end            reduce using rule 37 (facul -> login facul .)


state 75

    (40) facul -> numero facul .

    $end            reduce using rule 40 (facul -> numero facul .)


state 76

    (4) facul3 -> NOM EQUALS . noms facul2
    (9) noms -> . ID
    (10) noms -> . ID noms

    ID              shift and go to state 109

    noms                           shift and go to state 111

state 77

    (36) facul -> promotion facul .

    $end            reduce using rule 36 (facul -> promotion facul .)


state 78

    (42) date_naiss -> DATENAIS EQUALS . DATE

    DATE            shift and go to state 112


state 79

    (31) facul -> date_naiss facul .

    $end            reduce using rule 31 (facul -> date_naiss facul .)


state 80

    (39) facul -> mdp facul .

    $end            reduce using rule 39 (facul -> mdp facul .)


state 81

    (50) mail -> MAIL EQUALS . MAILXP

    MAILXP          shift and go to state 113


state 82

    (47) promotion -> PROMOTION EQUALS . PROMOXP

    PROMOXP         shift and go to state 114


state 83

    (45) lieu_nais -> LIEUNAIS EQUALS . TEXT

    TEXT            shift and go to state 115


state 84

    (48) mdp -> MDPASS EQUALS . TEXT

    TEXT            shift and go to state 116


state 85

    (46) type -> TYPE EQUALS . NUM

    NUM             shift and go to state 117


state 86

    (38) facul -> mail facul .

    $end            reduce using rule 38 (facul -> mail facul .)


state 87

    (34) facul -> adresses facul .

    $end            reduce using rule 34 (facul -> adresses facul .)


state 88

    (51) login -> LOGIN EQUALS . ID

    ID              shift and go to state 118


state 89

    (44) adresses -> ADRS EQUALS . TEXT

    TEXT            shift and go to state 119


state 90

    (33) facul -> lieu_nais facul .

    $end            reduce using rule 33 (facul -> lieu_nais facul .)


state 91

    (49) numero -> NUMERO EQUALS . NUM

    NUM             shift and go to state 120


state 92

    (43) sexuality -> SEXE EQUALS . SEX

    SEX             shift and go to state 121


state 93

    (32) facul -> sexuality facul .

    $end            reduce using rule 32 (facul -> sexuality facul .)


state 94

    (6) facul2 -> PRENOM EQUALS . prenoms facul
    (11) prenoms -> . ID
    (12) prenoms -> . ID prenoms

    ID              shift and go to state 122

    prenoms                        shift and go to state 123

state 95

    (35) facul -> type facul .

    $end            reduce using rule 35 (facul -> type facul .)


state 96

    (13) condition_modif -> attribut . EQUALS element
    (14) condition_modif -> attribut . EQUALS element ET condition_modif

    EQUALS          shift and go to state 124


state 97

    (30) expression -> MODIFIER attribut PERSONNE condition_modif . NOUVEAU EQUALS element

    NOUVEAU         shift and go to state 125


state 98

    (61) expression -> MODIFIER UV condition_modifier_uv NOUVEAU . EQUALS TEXT

    EQUALS          shift and go to state 126


state 99

    (62) condition_modifier_uv -> NOM EQUALS . TEXT

    TEXT            shift and go to state 127


state 100

    (65) expression -> MODIFIER MODULE condition_modifier_module but_modifier_module .

    $end            reduce using rule 65 (expression -> MODIFIER MODULE condition_modifier_module but_modifier_module .)


state 101

    (67) but_modifier_module -> NOUVEAU . EQUALS TEXT
    (68) but_modifier_module -> NOUVEAU . EQUALS TEXT UV EQUALS TEXT

    EQUALS          shift and go to state 128


state 102

    (66) condition_modifier_module -> NOM EQUALS . TEXT

    TEXT            shift and go to state 129


state 103

    (57) expression -> MODIFIER GROUPE condition_modifier_groupe NOUVEAU . EQUALS TEXT

    EQUALS          shift and go to state 130


state 104

    (58) condition_modifier_groupe -> NOM EQUALS . TEXT

    TEXT            shift and go to state 131


state 105

    (64) expression -> AJOUTER MODULE TEXT UV . EQUALS TEXT

    EQUALS          shift and go to state 132


state 106

    (60) expression -> AJOUTER UV TEXT NUM . EQUALS FLOAT

    EQUALS          shift and go to state 133


state 107

    (8) expression -> AJOUTER PERSONNE NOM EQUALS . noms PRENOM EQUALS prenoms LOGIN EQUALS ID MDPASS EQUALS TEXT SEXE EQUALS SEX TYPE EQUALS ID facul
    (9) noms -> . ID
    (10) noms -> . ID noms

    ID              shift and go to state 109

    noms                           shift and go to state 134

state 108

    (1) expression -> SUPPRIMER PERSONNE NOM EQUALS noms . facul2
    (6) facul2 -> . PRENOM EQUALS prenoms facul
    (7) facul2 -> . facul
    (31) facul -> . date_naiss facul
    (32) facul -> . sexuality facul
    (33) facul -> . lieu_nais facul
    (34) facul -> . adresses facul
    (35) facul -> . type facul
    (36) facul -> . promotion facul
    (37) facul -> . login facul
    (38) facul -> . mail facul
    (39) facul -> . mdp facul
    (40) facul -> . numero facul
    (41) facul -> .
    (42) date_naiss -> . DATENAIS EQUALS DATE
    (43) sexuality -> . SEXE EQUALS SEX
    (45) lieu_nais -> . LIEUNAIS EQUALS TEXT
    (44) adresses -> . ADRS EQUALS TEXT
    (46) type -> . TYPE EQUALS NUM
    (47) promotion -> . PROMOTION EQUALS PROMOXP
    (51) login -> . LOGIN EQUALS ID
    (50) mail -> . MAIL EQUALS MAILXP
    (48) mdp -> . MDPASS EQUALS TEXT
    (49) numero -> . NUMERO EQUALS NUM

    PRENOM          shift and go to state 57
    $end            reduce using rule 41 (facul -> .)
    DATENAIS        shift and go to state 40
    SEXE            shift and go to state 55
    LIEUNAIS        shift and go to state 45
    ADRS            shift and go to state 52
    TYPE            shift and go to state 48
    PROMOTION       shift and go to state 44
    LOGIN           shift and go to state 51
    MAIL            shift and go to state 43
    MDPASS          shift and go to state 47
    NUMERO          shift and go to state 54

    login                          shift and go to state 36
    mail                           shift and go to state 49
    adresses                       shift and go to state 50
    mdp                            shift and go to state 42
    numero                         shift and go to state 37
    promotion                      shift and go to state 39
    lieu_nais                      shift and go to state 53
    date_naiss                     shift and go to state 41
    facul                          shift and go to state 46
    sexuality                      shift and go to state 56
    facul2                         shift and go to state 135
    type                           shift and go to state 60

state 109

    (9) noms -> ID .
    (10) noms -> ID . noms
    (9) noms -> . ID
    (10) noms -> . ID noms

    PRENOM          reduce using rule 9 (noms -> ID .)
    DATENAIS        reduce using rule 9 (noms -> ID .)
    SEXE            reduce using rule 9 (noms -> ID .)
    LIEUNAIS        reduce using rule 9 (noms -> ID .)
    ADRS            reduce using rule 9 (noms -> ID .)
    TYPE            reduce using rule 9 (noms -> ID .)
    PROMOTION       reduce using rule 9 (noms -> ID .)
    LOGIN           reduce using rule 9 (noms -> ID .)
    MAIL            reduce using rule 9 (noms -> ID .)
    MDPASS          reduce using rule 9 (noms -> ID .)
    NUMERO          reduce using rule 9 (noms -> ID .)
    $end            reduce using rule 9 (noms -> ID .)
    ID              shift and go to state 109

    noms                           shift and go to state 136

state 110

    (55) facul_uv -> UV EQUALS TEXT .

    $end            reduce using rule 55 (facul_uv -> UV EQUALS TEXT .)


state 111

    (4) facul3 -> NOM EQUALS noms . facul2
    (6) facul2 -> . PRENOM EQUALS prenoms facul
    (7) facul2 -> . facul
    (31) facul -> . date_naiss facul
    (32) facul -> . sexuality facul
    (33) facul -> . lieu_nais facul
    (34) facul -> . adresses facul
    (35) facul -> . type facul
    (36) facul -> . promotion facul
    (37) facul -> . login facul
    (38) facul -> . mail facul
    (39) facul -> . mdp facul
    (40) facul -> . numero facul
    (41) facul -> .
    (42) date_naiss -> . DATENAIS EQUALS DATE
    (43) sexuality -> . SEXE EQUALS SEX
    (45) lieu_nais -> . LIEUNAIS EQUALS TEXT
    (44) adresses -> . ADRS EQUALS TEXT
    (46) type -> . TYPE EQUALS NUM
    (47) promotion -> . PROMOTION EQUALS PROMOXP
    (51) login -> . LOGIN EQUALS ID
    (50) mail -> . MAIL EQUALS MAILXP
    (48) mdp -> . MDPASS EQUALS TEXT
    (49) numero -> . NUMERO EQUALS NUM

    PRENOM          shift and go to state 57
    $end            reduce using rule 41 (facul -> .)
    DATENAIS        shift and go to state 40
    SEXE            shift and go to state 55
    LIEUNAIS        shift and go to state 45
    ADRS            shift and go to state 52
    TYPE            shift and go to state 48
    PROMOTION       shift and go to state 44
    LOGIN           shift and go to state 51
    MAIL            shift and go to state 43
    MDPASS          shift and go to state 47
    NUMERO          shift and go to state 54

    login                          shift and go to state 36
    mail                           shift and go to state 49
    adresses                       shift and go to state 50
    mdp                            shift and go to state 42
    numero                         shift and go to state 37
    promotion                      shift and go to state 39
    lieu_nais                      shift and go to state 53
    date_naiss                     shift and go to state 41
    facul                          shift and go to state 46
    sexuality                      shift and go to state 56
    facul2                         shift and go to state 137
    type                           shift and go to state 60

state 112

    (42) date_naiss -> DATENAIS EQUALS DATE .

    DATENAIS        reduce using rule 42 (date_naiss -> DATENAIS EQUALS DATE .)
    SEXE            reduce using rule 42 (date_naiss -> DATENAIS EQUALS DATE .)
    LIEUNAIS        reduce using rule 42 (date_naiss -> DATENAIS EQUALS DATE .)
    ADRS            reduce using rule 42 (date_naiss -> DATENAIS EQUALS DATE .)
    TYPE            reduce using rule 42 (date_naiss -> DATENAIS EQUALS DATE .)
    PROMOTION       reduce using rule 42 (date_naiss -> DATENAIS EQUALS DATE .)
    LOGIN           reduce using rule 42 (date_naiss -> DATENAIS EQUALS DATE .)
    MAIL            reduce using rule 42 (date_naiss -> DATENAIS EQUALS DATE .)
    MDPASS          reduce using rule 42 (date_naiss -> DATENAIS EQUALS DATE .)
    NUMERO          reduce using rule 42 (date_naiss -> DATENAIS EQUALS DATE .)
    $end            reduce using rule 42 (date_naiss -> DATENAIS EQUALS DATE .)


state 113

    (50) mail -> MAIL EQUALS MAILXP .

    DATENAIS        reduce using rule 50 (mail -> MAIL EQUALS MAILXP .)
    SEXE            reduce using rule 50 (mail -> MAIL EQUALS MAILXP .)
    LIEUNAIS        reduce using rule 50 (mail -> MAIL EQUALS MAILXP .)
    ADRS            reduce using rule 50 (mail -> MAIL EQUALS MAILXP .)
    TYPE            reduce using rule 50 (mail -> MAIL EQUALS MAILXP .)
    PROMOTION       reduce using rule 50 (mail -> MAIL EQUALS MAILXP .)
    LOGIN           reduce using rule 50 (mail -> MAIL EQUALS MAILXP .)
    MAIL            reduce using rule 50 (mail -> MAIL EQUALS MAILXP .)
    MDPASS          reduce using rule 50 (mail -> MAIL EQUALS MAILXP .)
    NUMERO          reduce using rule 50 (mail -> MAIL EQUALS MAILXP .)
    $end            reduce using rule 50 (mail -> MAIL EQUALS MAILXP .)


state 114

    (47) promotion -> PROMOTION EQUALS PROMOXP .

    DATENAIS        reduce using rule 47 (promotion -> PROMOTION EQUALS PROMOXP .)
    SEXE            reduce using rule 47 (promotion -> PROMOTION EQUALS PROMOXP .)
    LIEUNAIS        reduce using rule 47 (promotion -> PROMOTION EQUALS PROMOXP .)
    ADRS            reduce using rule 47 (promotion -> PROMOTION EQUALS PROMOXP .)
    TYPE            reduce using rule 47 (promotion -> PROMOTION EQUALS PROMOXP .)
    PROMOTION       reduce using rule 47 (promotion -> PROMOTION EQUALS PROMOXP .)
    LOGIN           reduce using rule 47 (promotion -> PROMOTION EQUALS PROMOXP .)
    MAIL            reduce using rule 47 (promotion -> PROMOTION EQUALS PROMOXP .)
    MDPASS          reduce using rule 47 (promotion -> PROMOTION EQUALS PROMOXP .)
    NUMERO          reduce using rule 47 (promotion -> PROMOTION EQUALS PROMOXP .)
    $end            reduce using rule 47 (promotion -> PROMOTION EQUALS PROMOXP .)


state 115

    (45) lieu_nais -> LIEUNAIS EQUALS TEXT .

    DATENAIS        reduce using rule 45 (lieu_nais -> LIEUNAIS EQUALS TEXT .)
    SEXE            reduce using rule 45 (lieu_nais -> LIEUNAIS EQUALS TEXT .)
    LIEUNAIS        reduce using rule 45 (lieu_nais -> LIEUNAIS EQUALS TEXT .)
    ADRS            reduce using rule 45 (lieu_nais -> LIEUNAIS EQUALS TEXT .)
    TYPE            reduce using rule 45 (lieu_nais -> LIEUNAIS EQUALS TEXT .)
    PROMOTION       reduce using rule 45 (lieu_nais -> LIEUNAIS EQUALS TEXT .)
    LOGIN           reduce using rule 45 (lieu_nais -> LIEUNAIS EQUALS TEXT .)
    MAIL            reduce using rule 45 (lieu_nais -> LIEUNAIS EQUALS TEXT .)
    MDPASS          reduce using rule 45 (lieu_nais -> LIEUNAIS EQUALS TEXT .)
    NUMERO          reduce using rule 45 (lieu_nais -> LIEUNAIS EQUALS TEXT .)
    $end            reduce using rule 45 (lieu_nais -> LIEUNAIS EQUALS TEXT .)


state 116

    (48) mdp -> MDPASS EQUALS TEXT .

    DATENAIS        reduce using rule 48 (mdp -> MDPASS EQUALS TEXT .)
    SEXE            reduce using rule 48 (mdp -> MDPASS EQUALS TEXT .)
    LIEUNAIS        reduce using rule 48 (mdp -> MDPASS EQUALS TEXT .)
    ADRS            reduce using rule 48 (mdp -> MDPASS EQUALS TEXT .)
    TYPE            reduce using rule 48 (mdp -> MDPASS EQUALS TEXT .)
    PROMOTION       reduce using rule 48 (mdp -> MDPASS EQUALS TEXT .)
    LOGIN           reduce using rule 48 (mdp -> MDPASS EQUALS TEXT .)
    MAIL            reduce using rule 48 (mdp -> MDPASS EQUALS TEXT .)
    MDPASS          reduce using rule 48 (mdp -> MDPASS EQUALS TEXT .)
    NUMERO          reduce using rule 48 (mdp -> MDPASS EQUALS TEXT .)
    $end            reduce using rule 48 (mdp -> MDPASS EQUALS TEXT .)


state 117

    (46) type -> TYPE EQUALS NUM .

    DATENAIS        reduce using rule 46 (type -> TYPE EQUALS NUM .)
    SEXE            reduce using rule 46 (type -> TYPE EQUALS NUM .)
    LIEUNAIS        reduce using rule 46 (type -> TYPE EQUALS NUM .)
    ADRS            reduce using rule 46 (type -> TYPE EQUALS NUM .)
    TYPE            reduce using rule 46 (type -> TYPE EQUALS NUM .)
    PROMOTION       reduce using rule 46 (type -> TYPE EQUALS NUM .)
    LOGIN           reduce using rule 46 (type -> TYPE EQUALS NUM .)
    MAIL            reduce using rule 46 (type -> TYPE EQUALS NUM .)
    MDPASS          reduce using rule 46 (type -> TYPE EQUALS NUM .)
    NUMERO          reduce using rule 46 (type -> TYPE EQUALS NUM .)
    $end            reduce using rule 46 (type -> TYPE EQUALS NUM .)


state 118

    (51) login -> LOGIN EQUALS ID .

    DATENAIS        reduce using rule 51 (login -> LOGIN EQUALS ID .)
    SEXE            reduce using rule 51 (login -> LOGIN EQUALS ID .)
    LIEUNAIS        reduce using rule 51 (login -> LOGIN EQUALS ID .)
    ADRS            reduce using rule 51 (login -> LOGIN EQUALS ID .)
    TYPE            reduce using rule 51 (login -> LOGIN EQUALS ID .)
    PROMOTION       reduce using rule 51 (login -> LOGIN EQUALS ID .)
    LOGIN           reduce using rule 51 (login -> LOGIN EQUALS ID .)
    MAIL            reduce using rule 51 (login -> LOGIN EQUALS ID .)
    MDPASS          reduce using rule 51 (login -> LOGIN EQUALS ID .)
    NUMERO          reduce using rule 51 (login -> LOGIN EQUALS ID .)
    $end            reduce using rule 51 (login -> LOGIN EQUALS ID .)


state 119

    (44) adresses -> ADRS EQUALS TEXT .

    DATENAIS        reduce using rule 44 (adresses -> ADRS EQUALS TEXT .)
    SEXE            reduce using rule 44 (adresses -> ADRS EQUALS TEXT .)
    LIEUNAIS        reduce using rule 44 (adresses -> ADRS EQUALS TEXT .)
    ADRS            reduce using rule 44 (adresses -> ADRS EQUALS TEXT .)
    TYPE            reduce using rule 44 (adresses -> ADRS EQUALS TEXT .)
    PROMOTION       reduce using rule 44 (adresses -> ADRS EQUALS TEXT .)
    LOGIN           reduce using rule 44 (adresses -> ADRS EQUALS TEXT .)
    MAIL            reduce using rule 44 (adresses -> ADRS EQUALS TEXT .)
    MDPASS          reduce using rule 44 (adresses -> ADRS EQUALS TEXT .)
    NUMERO          reduce using rule 44 (adresses -> ADRS EQUALS TEXT .)
    $end            reduce using rule 44 (adresses -> ADRS EQUALS TEXT .)


state 120

    (49) numero -> NUMERO EQUALS NUM .

    DATENAIS        reduce using rule 49 (numero -> NUMERO EQUALS NUM .)
    SEXE            reduce using rule 49 (numero -> NUMERO EQUALS NUM .)
    LIEUNAIS        reduce using rule 49 (numero -> NUMERO EQUALS NUM .)
    ADRS            reduce using rule 49 (numero -> NUMERO EQUALS NUM .)
    TYPE            reduce using rule 49 (numero -> NUMERO EQUALS NUM .)
    PROMOTION       reduce using rule 49 (numero -> NUMERO EQUALS NUM .)
    LOGIN           reduce using rule 49 (numero -> NUMERO EQUALS NUM .)
    MAIL            reduce using rule 49 (numero -> NUMERO EQUALS NUM .)
    MDPASS          reduce using rule 49 (numero -> NUMERO EQUALS NUM .)
    NUMERO          reduce using rule 49 (numero -> NUMERO EQUALS NUM .)
    $end            reduce using rule 49 (numero -> NUMERO EQUALS NUM .)


state 121

    (43) sexuality -> SEXE EQUALS SEX .

    DATENAIS        reduce using rule 43 (sexuality -> SEXE EQUALS SEX .)
    SEXE            reduce using rule 43 (sexuality -> SEXE EQUALS SEX .)
    LIEUNAIS        reduce using rule 43 (sexuality -> SEXE EQUALS SEX .)
    ADRS            reduce using rule 43 (sexuality -> SEXE EQUALS SEX .)
    TYPE            reduce using rule 43 (sexuality -> SEXE EQUALS SEX .)
    PROMOTION       reduce using rule 43 (sexuality -> SEXE EQUALS SEX .)
    LOGIN           reduce using rule 43 (sexuality -> SEXE EQUALS SEX .)
    MAIL            reduce using rule 43 (sexuality -> SEXE EQUALS SEX .)
    MDPASS          reduce using rule 43 (sexuality -> SEXE EQUALS SEX .)
    NUMERO          reduce using rule 43 (sexuality -> SEXE EQUALS SEX .)
    $end            reduce using rule 43 (sexuality -> SEXE EQUALS SEX .)


state 122

    (11) prenoms -> ID .
    (12) prenoms -> ID . prenoms
    (11) prenoms -> . ID
    (12) prenoms -> . ID prenoms

    DATENAIS        reduce using rule 11 (prenoms -> ID .)
    SEXE            reduce using rule 11 (prenoms -> ID .)
    LIEUNAIS        reduce using rule 11 (prenoms -> ID .)
    ADRS            reduce using rule 11 (prenoms -> ID .)
    TYPE            reduce using rule 11 (prenoms -> ID .)
    PROMOTION       reduce using rule 11 (prenoms -> ID .)
    LOGIN           reduce using rule 11 (prenoms -> ID .)
    MAIL            reduce using rule 11 (prenoms -> ID .)
    MDPASS          reduce using rule 11 (prenoms -> ID .)
    NUMERO          reduce using rule 11 (prenoms -> ID .)
    $end            reduce using rule 11 (prenoms -> ID .)
    ID              shift and go to state 122

    prenoms                        shift and go to state 138

state 123

    (6) facul2 -> PRENOM EQUALS prenoms . facul
    (31) facul -> . date_naiss facul
    (32) facul -> . sexuality facul
    (33) facul -> . lieu_nais facul
    (34) facul -> . adresses facul
    (35) facul -> . type facul
    (36) facul -> . promotion facul
    (37) facul -> . login facul
    (38) facul -> . mail facul
    (39) facul -> . mdp facul
    (40) facul -> . numero facul
    (41) facul -> .
    (42) date_naiss -> . DATENAIS EQUALS DATE
    (43) sexuality -> . SEXE EQUALS SEX
    (45) lieu_nais -> . LIEUNAIS EQUALS TEXT
    (44) adresses -> . ADRS EQUALS TEXT
    (46) type -> . TYPE EQUALS NUM
    (47) promotion -> . PROMOTION EQUALS PROMOXP
    (51) login -> . LOGIN EQUALS ID
    (50) mail -> . MAIL EQUALS MAILXP
    (48) mdp -> . MDPASS EQUALS TEXT
    (49) numero -> . NUMERO EQUALS NUM

    $end            reduce using rule 41 (facul -> .)
    DATENAIS        shift and go to state 40
    SEXE            shift and go to state 55
    LIEUNAIS        shift and go to state 45
    ADRS            shift and go to state 52
    TYPE            shift and go to state 48
    PROMOTION       shift and go to state 44
    LOGIN           shift and go to state 51
    MAIL            shift and go to state 43
    MDPASS          shift and go to state 47
    NUMERO          shift and go to state 54

    login                          shift and go to state 36
    mail                           shift and go to state 49
    adresses                       shift and go to state 50
    mdp                            shift and go to state 42
    numero                         shift and go to state 37
    promotion                      shift and go to state 39
    lieu_nais                      shift and go to state 53
    date_naiss                     shift and go to state 41
    facul                          shift and go to state 139
    sexuality                      shift and go to state 56
    type                           shift and go to state 60

state 124

    (13) condition_modif -> attribut EQUALS . element
    (14) condition_modif -> attribut EQUALS . element ET condition_modif
    (23) element -> . ID
    (24) element -> . TEXT
    (25) element -> . NUM
    (26) element -> . MAILXP
    (27) element -> . DATE
    (28) element -> . PROMOXP
    (29) element -> . SEX

    ID              shift and go to state 146
    TEXT            shift and go to state 143
    NUM             shift and go to state 141
    MAILXP          shift and go to state 142
    DATE            shift and go to state 147
    PROMOXP         shift and go to state 145
    SEX             shift and go to state 144

    element                        shift and go to state 140

state 125

    (30) expression -> MODIFIER attribut PERSONNE condition_modif NOUVEAU . EQUALS element

    EQUALS          shift and go to state 148


state 126

    (61) expression -> MODIFIER UV condition_modifier_uv NOUVEAU EQUALS . TEXT

    TEXT            shift and go to state 149


state 127

    (62) condition_modifier_uv -> NOM EQUALS TEXT .

    NOUVEAU         reduce using rule 62 (condition_modifier_uv -> NOM EQUALS TEXT .)


state 128

    (67) but_modifier_module -> NOUVEAU EQUALS . TEXT
    (68) but_modifier_module -> NOUVEAU EQUALS . TEXT UV EQUALS TEXT

    TEXT            shift and go to state 150


state 129

    (66) condition_modifier_module -> NOM EQUALS TEXT .

    NOUVEAU         reduce using rule 66 (condition_modifier_module -> NOM EQUALS TEXT .)


state 130

    (57) expression -> MODIFIER GROUPE condition_modifier_groupe NOUVEAU EQUALS . TEXT

    TEXT            shift and go to state 151


state 131

    (58) condition_modifier_groupe -> NOM EQUALS TEXT .

    NOUVEAU         reduce using rule 58 (condition_modifier_groupe -> NOM EQUALS TEXT .)


state 132

    (64) expression -> AJOUTER MODULE TEXT UV EQUALS . TEXT

    TEXT            shift and go to state 152


state 133

    (60) expression -> AJOUTER UV TEXT NUM EQUALS . FLOAT

    FLOAT           shift and go to state 153


state 134

    (8) expression -> AJOUTER PERSONNE NOM EQUALS noms . PRENOM EQUALS prenoms LOGIN EQUALS ID MDPASS EQUALS TEXT SEXE EQUALS SEX TYPE EQUALS ID facul

    PRENOM          shift and go to state 154


state 135

    (1) expression -> SUPPRIMER PERSONNE NOM EQUALS noms facul2 .

    $end            reduce using rule 1 (expression -> SUPPRIMER PERSONNE NOM EQUALS noms facul2 .)


state 136

    (10) noms -> ID noms .

    PRENOM          reduce using rule 10 (noms -> ID noms .)
    DATENAIS        reduce using rule 10 (noms -> ID noms .)
    SEXE            reduce using rule 10 (noms -> ID noms .)
    LIEUNAIS        reduce using rule 10 (noms -> ID noms .)
    ADRS            reduce using rule 10 (noms -> ID noms .)
    TYPE            reduce using rule 10 (noms -> ID noms .)
    PROMOTION       reduce using rule 10 (noms -> ID noms .)
    LOGIN           reduce using rule 10 (noms -> ID noms .)
    MAIL            reduce using rule 10 (noms -> ID noms .)
    MDPASS          reduce using rule 10 (noms -> ID noms .)
    NUMERO          reduce using rule 10 (noms -> ID noms .)
    $end            reduce using rule 10 (noms -> ID noms .)


state 137

    (4) facul3 -> NOM EQUALS noms facul2 .

    $end            reduce using rule 4 (facul3 -> NOM EQUALS noms facul2 .)


state 138

    (12) prenoms -> ID prenoms .

    DATENAIS        reduce using rule 12 (prenoms -> ID prenoms .)
    SEXE            reduce using rule 12 (prenoms -> ID prenoms .)
    LIEUNAIS        reduce using rule 12 (prenoms -> ID prenoms .)
    ADRS            reduce using rule 12 (prenoms -> ID prenoms .)
    TYPE            reduce using rule 12 (prenoms -> ID prenoms .)
    PROMOTION       reduce using rule 12 (prenoms -> ID prenoms .)
    LOGIN           reduce using rule 12 (prenoms -> ID prenoms .)
    MAIL            reduce using rule 12 (prenoms -> ID prenoms .)
    MDPASS          reduce using rule 12 (prenoms -> ID prenoms .)
    NUMERO          reduce using rule 12 (prenoms -> ID prenoms .)
    $end            reduce using rule 12 (prenoms -> ID prenoms .)


state 139

    (6) facul2 -> PRENOM EQUALS prenoms facul .

    $end            reduce using rule 6 (facul2 -> PRENOM EQUALS prenoms facul .)


state 140

    (13) condition_modif -> attribut EQUALS element .
    (14) condition_modif -> attribut EQUALS element . ET condition_modif

    NOUVEAU         reduce using rule 13 (condition_modif -> attribut EQUALS element .)
    ET              shift and go to state 155


state 141

    (25) element -> NUM .

    $end            reduce using rule 25 (element -> NUM .)
    ET              reduce using rule 25 (element -> NUM .)
    NOUVEAU         reduce using rule 25 (element -> NUM .)


state 142

    (26) element -> MAILXP .

    $end            reduce using rule 26 (element -> MAILXP .)
    ET              reduce using rule 26 (element -> MAILXP .)
    NOUVEAU         reduce using rule 26 (element -> MAILXP .)


state 143

    (24) element -> TEXT .

    $end            reduce using rule 24 (element -> TEXT .)
    ET              reduce using rule 24 (element -> TEXT .)
    NOUVEAU         reduce using rule 24 (element -> TEXT .)


state 144

    (29) element -> SEX .

    $end            reduce using rule 29 (element -> SEX .)
    ET              reduce using rule 29 (element -> SEX .)
    NOUVEAU         reduce using rule 29 (element -> SEX .)


state 145

    (28) element -> PROMOXP .

    $end            reduce using rule 28 (element -> PROMOXP .)
    ET              reduce using rule 28 (element -> PROMOXP .)
    NOUVEAU         reduce using rule 28 (element -> PROMOXP .)


state 146

    (23) element -> ID .

    $end            reduce using rule 23 (element -> ID .)
    ET              reduce using rule 23 (element -> ID .)
    NOUVEAU         reduce using rule 23 (element -> ID .)


state 147

    (27) element -> DATE .

    $end            reduce using rule 27 (element -> DATE .)
    ET              reduce using rule 27 (element -> DATE .)
    NOUVEAU         reduce using rule 27 (element -> DATE .)


state 148

    (30) expression -> MODIFIER attribut PERSONNE condition_modif NOUVEAU EQUALS . element
    (23) element -> . ID
    (24) element -> . TEXT
    (25) element -> . NUM
    (26) element -> . MAILXP
    (27) element -> . DATE
    (28) element -> . PROMOXP
    (29) element -> . SEX

    ID              shift and go to state 146
    TEXT            shift and go to state 143
    NUM             shift and go to state 141
    MAILXP          shift and go to state 142
    DATE            shift and go to state 147
    PROMOXP         shift and go to state 145
    SEX             shift and go to state 144

    element                        shift and go to state 156

state 149

    (61) expression -> MODIFIER UV condition_modifier_uv NOUVEAU EQUALS TEXT .

    $end            reduce using rule 61 (expression -> MODIFIER UV condition_modifier_uv NOUVEAU EQUALS TEXT .)


state 150

    (67) but_modifier_module -> NOUVEAU EQUALS TEXT .
    (68) but_modifier_module -> NOUVEAU EQUALS TEXT . UV EQUALS TEXT

    $end            reduce using rule 67 (but_modifier_module -> NOUVEAU EQUALS TEXT .)
    UV              shift and go to state 157


state 151

    (57) expression -> MODIFIER GROUPE condition_modifier_groupe NOUVEAU EQUALS TEXT .

    $end            reduce using rule 57 (expression -> MODIFIER GROUPE condition_modifier_groupe NOUVEAU EQUALS TEXT .)


state 152

    (64) expression -> AJOUTER MODULE TEXT UV EQUALS TEXT .

    $end            reduce using rule 64 (expression -> AJOUTER MODULE TEXT UV EQUALS TEXT .)


state 153

    (60) expression -> AJOUTER UV TEXT NUM EQUALS FLOAT .

    $end            reduce using rule 60 (expression -> AJOUTER UV TEXT NUM EQUALS FLOAT .)


state 154

    (8) expression -> AJOUTER PERSONNE NOM EQUALS noms PRENOM . EQUALS prenoms LOGIN EQUALS ID MDPASS EQUALS TEXT SEXE EQUALS SEX TYPE EQUALS ID facul

    EQUALS          shift and go to state 158


state 155

    (14) condition_modif -> attribut EQUALS element ET . condition_modif
    (13) condition_modif -> . attribut EQUALS element
    (14) condition_modif -> . attribut EQUALS element ET condition_modif
    (15) attribut -> . NOM
    (16) attribut -> . PRENOM
    (17) attribut -> . ADRS
    (18) attribut -> . PROMOTION
    (19) attribut -> . MAIL
    (20) attribut -> . LIEUNAIS
    (21) attribut -> . NUMERO
    (22) attribut -> . DATENAIS

    NOM             shift and go to state 16
    PRENOM          shift and go to state 24
    ADRS            shift and go to state 21
    PROMOTION       shift and go to state 15
    MAIL            shift and go to state 18
    LIEUNAIS        shift and go to state 14
    NUMERO          shift and go to state 23
    DATENAIS        shift and go to state 22

    attribut                       shift and go to state 96
    condition_modif                shift and go to state 159

state 156

    (30) expression -> MODIFIER attribut PERSONNE condition_modif NOUVEAU EQUALS element .

    $end            reduce using rule 30 (expression -> MODIFIER attribut PERSONNE condition_modif NOUVEAU EQUALS element .)


state 157

    (68) but_modifier_module -> NOUVEAU EQUALS TEXT UV . EQUALS TEXT

    EQUALS          shift and go to state 160


state 158

    (8) expression -> AJOUTER PERSONNE NOM EQUALS noms PRENOM EQUALS . prenoms LOGIN EQUALS ID MDPASS EQUALS TEXT SEXE EQUALS SEX TYPE EQUALS ID facul
    (11) prenoms -> . ID
    (12) prenoms -> . ID prenoms

    ID              shift and go to state 122

    prenoms                        shift and go to state 161

state 159

    (14) condition_modif -> attribut EQUALS element ET condition_modif .

    NOUVEAU         reduce using rule 14 (condition_modif -> attribut EQUALS element ET condition_modif .)


state 160

    (68) but_modifier_module -> NOUVEAU EQUALS TEXT UV EQUALS . TEXT

    TEXT            shift and go to state 162


state 161

    (8) expression -> AJOUTER PERSONNE NOM EQUALS noms PRENOM EQUALS prenoms . LOGIN EQUALS ID MDPASS EQUALS TEXT SEXE EQUALS SEX TYPE EQUALS ID facul

    LOGIN           shift and go to state 163


state 162

    (68) but_modifier_module -> NOUVEAU EQUALS TEXT UV EQUALS TEXT .

    $end            reduce using rule 68 (but_modifier_module -> NOUVEAU EQUALS TEXT UV EQUALS TEXT .)


state 163

    (8) expression -> AJOUTER PERSONNE NOM EQUALS noms PRENOM EQUALS prenoms LOGIN . EQUALS ID MDPASS EQUALS TEXT SEXE EQUALS SEX TYPE EQUALS ID facul

    EQUALS          shift and go to state 164


state 164

    (8) expression -> AJOUTER PERSONNE NOM EQUALS noms PRENOM EQUALS prenoms LOGIN EQUALS . ID MDPASS EQUALS TEXT SEXE EQUALS SEX TYPE EQUALS ID facul

    ID              shift and go to state 165


state 165

    (8) expression -> AJOUTER PERSONNE NOM EQUALS noms PRENOM EQUALS prenoms LOGIN EQUALS ID . MDPASS EQUALS TEXT SEXE EQUALS SEX TYPE EQUALS ID facul

    MDPASS          shift and go to state 166


state 166

    (8) expression -> AJOUTER PERSONNE NOM EQUALS noms PRENOM EQUALS prenoms LOGIN EQUALS ID MDPASS . EQUALS TEXT SEXE EQUALS SEX TYPE EQUALS ID facul

    EQUALS          shift and go to state 167


state 167

    (8) expression -> AJOUTER PERSONNE NOM EQUALS noms PRENOM EQUALS prenoms LOGIN EQUALS ID MDPASS EQUALS . TEXT SEXE EQUALS SEX TYPE EQUALS ID facul

    TEXT            shift and go to state 168


state 168

    (8) expression -> AJOUTER PERSONNE NOM EQUALS noms PRENOM EQUALS prenoms LOGIN EQUALS ID MDPASS EQUALS TEXT . SEXE EQUALS SEX TYPE EQUALS ID facul

    SEXE            shift and go to state 169


state 169

    (8) expression -> AJOUTER PERSONNE NOM EQUALS noms PRENOM EQUALS prenoms LOGIN EQUALS ID MDPASS EQUALS TEXT SEXE . EQUALS SEX TYPE EQUALS ID facul

    EQUALS          shift and go to state 170


state 170

    (8) expression -> AJOUTER PERSONNE NOM EQUALS noms PRENOM EQUALS prenoms LOGIN EQUALS ID MDPASS EQUALS TEXT SEXE EQUALS . SEX TYPE EQUALS ID facul

    SEX             shift and go to state 171


state 171

    (8) expression -> AJOUTER PERSONNE NOM EQUALS noms PRENOM EQUALS prenoms LOGIN EQUALS ID MDPASS EQUALS TEXT SEXE EQUALS SEX . TYPE EQUALS ID facul

    TYPE            shift and go to state 172


state 172

    (8) expression -> AJOUTER PERSONNE NOM EQUALS noms PRENOM EQUALS prenoms LOGIN EQUALS ID MDPASS EQUALS TEXT SEXE EQUALS SEX TYPE . EQUALS ID facul

    EQUALS          shift and go to state 173


state 173

    (8) expression -> AJOUTER PERSONNE NOM EQUALS noms PRENOM EQUALS prenoms LOGIN EQUALS ID MDPASS EQUALS TEXT SEXE EQUALS SEX TYPE EQUALS . ID facul

    ID              shift and go to state 174


state 174

    (8) expression -> AJOUTER PERSONNE NOM EQUALS noms PRENOM EQUALS prenoms LOGIN EQUALS ID MDPASS EQUALS TEXT SEXE EQUALS SEX TYPE EQUALS ID . facul
    (31) facul -> . date_naiss facul
    (32) facul -> . sexuality facul
    (33) facul -> . lieu_nais facul
    (34) facul -> . adresses facul
    (35) facul -> . type facul
    (36) facul -> . promotion facul
    (37) facul -> . login facul
    (38) facul -> . mail facul
    (39) facul -> . mdp facul
    (40) facul -> . numero facul
    (41) facul -> .
    (42) date_naiss -> . DATENAIS EQUALS DATE
    (43) sexuality -> . SEXE EQUALS SEX
    (45) lieu_nais -> . LIEUNAIS EQUALS TEXT
    (44) adresses -> . ADRS EQUALS TEXT
    (46) type -> . TYPE EQUALS NUM
    (47) promotion -> . PROMOTION EQUALS PROMOXP
    (51) login -> . LOGIN EQUALS ID
    (50) mail -> . MAIL EQUALS MAILXP
    (48) mdp -> . MDPASS EQUALS TEXT
    (49) numero -> . NUMERO EQUALS NUM

    $end            reduce using rule 41 (facul -> .)
    DATENAIS        shift and go to state 40
    SEXE            shift and go to state 55
    LIEUNAIS        shift and go to state 45
    ADRS            shift and go to state 52
    TYPE            shift and go to state 48
    PROMOTION       shift and go to state 44
    LOGIN           shift and go to state 51
    MAIL            shift and go to state 43
    MDPASS          shift and go to state 47
    NUMERO          shift and go to state 54

    login                          shift and go to state 36
    mail                           shift and go to state 49
    adresses                       shift and go to state 50
    mdp                            shift and go to state 42
    numero                         shift and go to state 37
    promotion                      shift and go to state 39
    lieu_nais                      shift and go to state 53
    date_naiss                     shift and go to state 41
    facul                          shift and go to state 175
    sexuality                      shift and go to state 56
    type                           shift and go to state 60

state 175

    (8) expression -> AJOUTER PERSONNE NOM EQUALS noms PRENOM EQUALS prenoms LOGIN EQUALS ID MDPASS EQUALS TEXT SEXE EQUALS SEX TYPE EQUALS ID facul .

    $end            reduce using rule 8 (expression -> AJOUTER PERSONNE NOM EQUALS noms PRENOM EQUALS prenoms LOGIN EQUALS ID MDPASS EQUALS TEXT SEXE EQUALS SEX TYPE EQUALS ID facul .)

WARNING: 
WARNING: Conflicts:
WARNING: 
WARNING: reduce/reduce conflict in state 13 resolved using rule (expression -> AFFICHER PERSONNE)
WARNING: rejected rule (facul -> <empty>) in state 13
