Created by PLY version 3.8 (http://www.dabeaz.com/ply)

Unused terminals:

    PAR

Grammar

Rule 0     S' -> expression
Rule 1     expression -> AJOUTER GROUPE TEXT
Rule 2     expression -> SUPPRIMER PERSONNE NOM EQUALS noms facul2
Rule 3     expression -> AFFICHER PERSONNE
Rule 4     expression -> AFFICHER PERSONNE facul3
Rule 5     facul3 -> NOM EQUALS noms facul2
Rule 6     facul3 -> facul2
Rule 7     facul2 -> PRENOM EQUALS prenoms facul
Rule 8     facul2 -> facul
Rule 9     expression -> AJOUTER PERSONNE NOM EQUALS noms PRENOM EQUALS prenoms facul
Rule 10    noms -> ID
Rule 11    noms -> ID noms
Rule 12    prenoms -> ID
Rule 13    prenoms -> ID prenoms
Rule 14    condition_modif -> attribut EQUALS element
Rule 15    condition_modif -> attribut EQUALS element ET condition_modif
Rule 16    attribut -> NOM
Rule 17    attribut -> PRENOM
Rule 18    attribut -> ADRS
Rule 19    attribut -> SEXE
Rule 20    attribut -> PROMOTION
Rule 21    attribut -> MAIL
Rule 22    attribut -> LIEUNAIS
Rule 23    attribut -> NUMERO
Rule 24    attribut -> LOGIN
Rule 25    attribut -> MDPASS
Rule 26    attribut -> DATENAIS
Rule 27    element -> ID
Rule 28    element -> TEXT
Rule 29    element -> NUM
Rule 30    element -> MAILXP
Rule 31    element -> DATE
Rule 32    element -> PROMOXP
Rule 33    element -> SEX
Rule 34    expression -> MODIFIER attribut PERSONNE condition_modif NOUVEAU EQUALS element
Rule 35    facul -> date_naiss facul
Rule 36    facul -> sexuality facul
Rule 37    facul -> lieu_nais facul
Rule 38    facul -> adresses facul
Rule 39    facul -> type facul
Rule 40    facul -> promotion facul
Rule 41    facul -> login facul
Rule 42    facul -> mail facul
Rule 43    facul -> mdp facul
Rule 44    facul -> numero facul
Rule 45    facul -> <empty>
Rule 46    date_naiss -> DATENAIS EQUALS DATE
Rule 47    sexuality -> SEXE EQUALS SEX
Rule 48    adresses -> ADRS EQUALS TEXT
Rule 49    lieu_nais -> LIEUNAIS EQUALS TEXT
Rule 50    type -> TYPE EQUALS NUM
Rule 51    promotion -> PROMOTION EQUALS PROMOXP
Rule 52    mdp -> MDPASS EQUALS TEXT
Rule 53    numero -> NUMERO EQUALS NUM
Rule 54    mail -> MAIL EQUALS MAILXP
Rule 55    login -> LOGIN EQUALS ID
Rule 56    expression -> AFFICHER GROUPE
Rule 57    expression -> AFFICHER UV
Rule 58    expression -> AFFICHER MODULE facul_uv
Rule 59    facul_uv -> UV EQUALS TEXT
Rule 60    expression -> MODIFIER GROUPE condition_modifier_groupe NOUVEAU EQUALS TEXT
Rule 61    condition_modifier_groupe -> NOM EQUALS TEXT
Rule 62    expression -> SUPPRIMER GROUPE TEXT
Rule 63    expression -> AJOUTER UV TEXT NUM EQUALS FLOAT
Rule 64    expression -> MODIFIER UV condition_modifier_uv NOUVEAU EQUALS TEXT
Rule 65    condition_modifier_uv -> NOM EQUALS TEXT
Rule 66    expression -> SUPPRIMER UV TEXT
Rule 67    expression -> AJOUTER MODULE TEXT UV EQUALS TEXT
Rule 68    expression -> MODIFIER MODULE condition_modifier_module but_modifier_module
Rule 69    condition_modifier_module -> NOM EQUALS TEXT
Rule 70    but_modifier_module -> NOUVEAU EQUALS TEXT
Rule 71    but_modifier_module -> NOUVEAU EQUALS TEXT UV EQUALS TEXT
Rule 72    expression -> SUPPRIMER MODULE TEXT

Terminals, with rules where they appear

ADRS                 : 18 48
AFFICHER             : 3 4 56 57 58
AJOUTER              : 1 9 63 67
DATE                 : 31 46
DATENAIS             : 26 46
EQUALS               : 2 5 7 9 9 14 15 34 46 47 48 49 50 51 52 53 54 55 59 60 61 63 64 65 67 69 70 71 71
ET                   : 15
FLOAT                : 63
GROUPE               : 1 56 60 62
ID                   : 10 11 12 13 27 55
LIEUNAIS             : 22 49
LOGIN                : 24 55
MAIL                 : 21 54
MAILXP               : 30 54
MDPASS               : 25 52
MODIFIER             : 34 60 64 68
MODULE               : 58 67 68 72
NOM                  : 2 5 9 16 61 65 69
NOUVEAU              : 34 60 64 70 71
NUM                  : 29 50 53 63
NUMERO               : 23 53
PAR                  : 
PERSONNE             : 2 3 4 9 34
PRENOM               : 7 9 17
PROMOTION            : 20 51
PROMOXP              : 32 51
SEX                  : 33 47
SEXE                 : 19 47
SUPPRIMER            : 2 62 66 72
TEXT                 : 1 28 48 49 52 59 60 61 62 63 64 65 66 67 67 69 70 71 71 72
TYPE                 : 50
UV                   : 57 59 63 64 66 67 71
error                : 

Nonterminals, with rules where they appear

adresses             : 38
attribut             : 14 15 34
but_modifier_module  : 68
condition_modif      : 15 34
condition_modifier_groupe : 60
condition_modifier_module : 68
condition_modifier_uv : 64
date_naiss           : 35
element              : 14 15 34
expression           : 0
facul                : 7 8 9 35 36 37 38 39 40 41 42 43 44
facul2               : 2 5 6
facul3               : 4
facul_uv             : 58
lieu_nais            : 37
login                : 41
mail                 : 42
mdp                  : 43
noms                 : 2 5 9 11
numero               : 44
prenoms              : 7 9 13
promotion            : 40
sexuality            : 36
type                 : 39

Parsing method: LALR

state 0

    (0) S' -> . expression
    (1) expression -> . AJOUTER GROUPE TEXT
    (2) expression -> . SUPPRIMER PERSONNE NOM EQUALS noms facul2
    (3) expression -> . AFFICHER PERSONNE
    (4) expression -> . AFFICHER PERSONNE facul3
    (9) expression -> . AJOUTER PERSONNE NOM EQUALS noms PRENOM EQUALS prenoms facul
    (34) expression -> . MODIFIER attribut PERSONNE condition_modif NOUVEAU EQUALS element
    (56) expression -> . AFFICHER GROUPE
    (57) expression -> . AFFICHER UV
    (58) expression -> . AFFICHER MODULE facul_uv
    (60) expression -> . MODIFIER GROUPE condition_modifier_groupe NOUVEAU EQUALS TEXT
    (62) expression -> . SUPPRIMER GROUPE TEXT
    (63) expression -> . AJOUTER UV TEXT NUM EQUALS FLOAT
    (64) expression -> . MODIFIER UV condition_modifier_uv NOUVEAU EQUALS TEXT
    (66) expression -> . SUPPRIMER UV TEXT
    (67) expression -> . AJOUTER MODULE TEXT UV EQUALS TEXT
    (68) expression -> . MODIFIER MODULE condition_modifier_module but_modifier_module
    (72) expression -> . SUPPRIMER MODULE TEXT

    AJOUTER         shift and go to state 3
    SUPPRIMER       shift and go to state 1
    AFFICHER        shift and go to state 5
    MODIFIER        shift and go to state 2

    expression                     shift and go to state 4

state 1

    (2) expression -> SUPPRIMER . PERSONNE NOM EQUALS noms facul2
    (62) expression -> SUPPRIMER . GROUPE TEXT
    (66) expression -> SUPPRIMER . UV TEXT
    (72) expression -> SUPPRIMER . MODULE TEXT

    PERSONNE        shift and go to state 8
    GROUPE          shift and go to state 6
    UV              shift and go to state 7
    MODULE          shift and go to state 9


state 2

    (34) expression -> MODIFIER . attribut PERSONNE condition_modif NOUVEAU EQUALS element
    (60) expression -> MODIFIER . GROUPE condition_modifier_groupe NOUVEAU EQUALS TEXT
    (64) expression -> MODIFIER . UV condition_modifier_uv NOUVEAU EQUALS TEXT
    (68) expression -> MODIFIER . MODULE condition_modifier_module but_modifier_module
    (16) attribut -> . NOM
    (17) attribut -> . PRENOM
    (18) attribut -> . ADRS
    (19) attribut -> . SEXE
    (20) attribut -> . PROMOTION
    (21) attribut -> . MAIL
    (22) attribut -> . LIEUNAIS
    (23) attribut -> . NUMERO
    (24) attribut -> . LOGIN
    (25) attribut -> . MDPASS
    (26) attribut -> . DATENAIS

    GROUPE          shift and go to state 11
    UV              shift and go to state 14
    MODULE          shift and go to state 17
    NOM             shift and go to state 16
    PRENOM          shift and go to state 24
    ADRS            shift and go to state 23
    SEXE            shift and go to state 20
    PROMOTION       shift and go to state 13
    MAIL            shift and go to state 19
    LIEUNAIS        shift and go to state 22
    NUMERO          shift and go to state 21
    LOGIN           shift and go to state 10
    MDPASS          shift and go to state 15
    DATENAIS        shift and go to state 18

    attribut                       shift and go to state 12

state 3

    (1) expression -> AJOUTER . GROUPE TEXT
    (9) expression -> AJOUTER . PERSONNE NOM EQUALS noms PRENOM EQUALS prenoms facul
    (63) expression -> AJOUTER . UV TEXT NUM EQUALS FLOAT
    (67) expression -> AJOUTER . MODULE TEXT UV EQUALS TEXT

    GROUPE          shift and go to state 25
    PERSONNE        shift and go to state 28
    UV              shift and go to state 26
    MODULE          shift and go to state 27


state 4

    (0) S' -> expression .



state 5

    (3) expression -> AFFICHER . PERSONNE
    (4) expression -> AFFICHER . PERSONNE facul3
    (56) expression -> AFFICHER . GROUPE
    (57) expression -> AFFICHER . UV
    (58) expression -> AFFICHER . MODULE facul_uv

    PERSONNE        shift and go to state 31
    GROUPE          shift and go to state 29
    UV              shift and go to state 30
    MODULE          shift and go to state 32


state 6

    (62) expression -> SUPPRIMER GROUPE . TEXT

    TEXT            shift and go to state 33


state 7

    (66) expression -> SUPPRIMER UV . TEXT

    TEXT            shift and go to state 34


state 8

    (2) expression -> SUPPRIMER PERSONNE . NOM EQUALS noms facul2

    NOM             shift and go to state 35


state 9

    (72) expression -> SUPPRIMER MODULE . TEXT

    TEXT            shift and go to state 36


state 10

    (24) attribut -> LOGIN .

    EQUALS          reduce using rule 24 (attribut -> LOGIN .)
    PERSONNE        reduce using rule 24 (attribut -> LOGIN .)


state 11

    (60) expression -> MODIFIER GROUPE . condition_modifier_groupe NOUVEAU EQUALS TEXT
    (61) condition_modifier_groupe -> . NOM EQUALS TEXT

    NOM             shift and go to state 38

    condition_modifier_groupe      shift and go to state 37

state 12

    (34) expression -> MODIFIER attribut . PERSONNE condition_modif NOUVEAU EQUALS element

    PERSONNE        shift and go to state 39


state 13

    (20) attribut -> PROMOTION .

    EQUALS          reduce using rule 20 (attribut -> PROMOTION .)
    PERSONNE        reduce using rule 20 (attribut -> PROMOTION .)


state 14

    (64) expression -> MODIFIER UV . condition_modifier_uv NOUVEAU EQUALS TEXT
    (65) condition_modifier_uv -> . NOM EQUALS TEXT

    NOM             shift and go to state 41

    condition_modifier_uv          shift and go to state 40

state 15

    (25) attribut -> MDPASS .

    EQUALS          reduce using rule 25 (attribut -> MDPASS .)
    PERSONNE        reduce using rule 25 (attribut -> MDPASS .)


state 16

    (16) attribut -> NOM .

    EQUALS          reduce using rule 16 (attribut -> NOM .)
    PERSONNE        reduce using rule 16 (attribut -> NOM .)


state 17

    (68) expression -> MODIFIER MODULE . condition_modifier_module but_modifier_module
    (69) condition_modifier_module -> . NOM EQUALS TEXT

    NOM             shift and go to state 42

    condition_modifier_module      shift and go to state 43

state 18

    (26) attribut -> DATENAIS .

    EQUALS          reduce using rule 26 (attribut -> DATENAIS .)
    PERSONNE        reduce using rule 26 (attribut -> DATENAIS .)


state 19

    (21) attribut -> MAIL .

    EQUALS          reduce using rule 21 (attribut -> MAIL .)
    PERSONNE        reduce using rule 21 (attribut -> MAIL .)


state 20

    (19) attribut -> SEXE .

    EQUALS          reduce using rule 19 (attribut -> SEXE .)
    PERSONNE        reduce using rule 19 (attribut -> SEXE .)


state 21

    (23) attribut -> NUMERO .

    EQUALS          reduce using rule 23 (attribut -> NUMERO .)
    PERSONNE        reduce using rule 23 (attribut -> NUMERO .)


state 22

    (22) attribut -> LIEUNAIS .

    EQUALS          reduce using rule 22 (attribut -> LIEUNAIS .)
    PERSONNE        reduce using rule 22 (attribut -> LIEUNAIS .)


state 23

    (18) attribut -> ADRS .

    EQUALS          reduce using rule 18 (attribut -> ADRS .)
    PERSONNE        reduce using rule 18 (attribut -> ADRS .)


state 24

    (17) attribut -> PRENOM .

    EQUALS          reduce using rule 17 (attribut -> PRENOM .)
    PERSONNE        reduce using rule 17 (attribut -> PRENOM .)


state 25

    (1) expression -> AJOUTER GROUPE . TEXT

    TEXT            shift and go to state 44


state 26

    (63) expression -> AJOUTER UV . TEXT NUM EQUALS FLOAT

    TEXT            shift and go to state 45


state 27

    (67) expression -> AJOUTER MODULE . TEXT UV EQUALS TEXT

    TEXT            shift and go to state 46


state 28

    (9) expression -> AJOUTER PERSONNE . NOM EQUALS noms PRENOM EQUALS prenoms facul

    NOM             shift and go to state 47


state 29

    (56) expression -> AFFICHER GROUPE .

    $end            reduce using rule 56 (expression -> AFFICHER GROUPE .)


state 30

    (57) expression -> AFFICHER UV .

    $end            reduce using rule 57 (expression -> AFFICHER UV .)


state 31

    (3) expression -> AFFICHER PERSONNE .
    (4) expression -> AFFICHER PERSONNE . facul3
    (5) facul3 -> . NOM EQUALS noms facul2
    (6) facul3 -> . facul2
    (7) facul2 -> . PRENOM EQUALS prenoms facul
    (8) facul2 -> . facul
    (35) facul -> . date_naiss facul
    (36) facul -> . sexuality facul
    (37) facul -> . lieu_nais facul
    (38) facul -> . adresses facul
    (39) facul -> . type facul
    (40) facul -> . promotion facul
    (41) facul -> . login facul
    (42) facul -> . mail facul
    (43) facul -> . mdp facul
    (44) facul -> . numero facul
    (45) facul -> .
    (46) date_naiss -> . DATENAIS EQUALS DATE
    (47) sexuality -> . SEXE EQUALS SEX
    (49) lieu_nais -> . LIEUNAIS EQUALS TEXT
    (48) adresses -> . ADRS EQUALS TEXT
    (50) type -> . TYPE EQUALS NUM
    (51) promotion -> . PROMOTION EQUALS PROMOXP
    (55) login -> . LOGIN EQUALS ID
    (54) mail -> . MAIL EQUALS MAILXP
    (52) mdp -> . MDPASS EQUALS TEXT
    (53) numero -> . NUMERO EQUALS NUM

  ! reduce/reduce conflict for $end resolved using rule 3 (expression -> AFFICHER PERSONNE .)
    $end            reduce using rule 3 (expression -> AFFICHER PERSONNE .)
    NOM             shift and go to state 52
    PRENOM          shift and go to state 58
    DATENAIS        shift and go to state 59
    SEXE            shift and go to state 65
    LIEUNAIS        shift and go to state 66
    ADRS            shift and go to state 72
    TYPE            shift and go to state 53
    PROMOTION       shift and go to state 55
    LOGIN           shift and go to state 49
    MAIL            shift and go to state 63
    MDPASS          shift and go to state 54
    NUMERO          shift and go to state 67

  ! $end            [ reduce using rule 45 (facul -> .) ]

    mdp                            shift and go to state 62
    numero                         shift and go to state 48
    type                           shift and go to state 50
    facul2                         shift and go to state 51
    facul3                         shift and go to state 64
    promotion                      shift and go to state 56
    date_naiss                     shift and go to state 57
    sexuality                      shift and go to state 68
    lieu_nais                      shift and go to state 69
    facul                          shift and go to state 70
    mail                           shift and go to state 61
    adresses                       shift and go to state 60
    login                          shift and go to state 71

state 32

    (58) expression -> AFFICHER MODULE . facul_uv
    (59) facul_uv -> . UV EQUALS TEXT

    UV              shift and go to state 73

    facul_uv                       shift and go to state 74

state 33

    (62) expression -> SUPPRIMER GROUPE TEXT .

    $end            reduce using rule 62 (expression -> SUPPRIMER GROUPE TEXT .)


state 34

    (66) expression -> SUPPRIMER UV TEXT .

    $end            reduce using rule 66 (expression -> SUPPRIMER UV TEXT .)


state 35

    (2) expression -> SUPPRIMER PERSONNE NOM . EQUALS noms facul2

    EQUALS          shift and go to state 75


state 36

    (72) expression -> SUPPRIMER MODULE TEXT .

    $end            reduce using rule 72 (expression -> SUPPRIMER MODULE TEXT .)


state 37

    (60) expression -> MODIFIER GROUPE condition_modifier_groupe . NOUVEAU EQUALS TEXT

    NOUVEAU         shift and go to state 76


state 38

    (61) condition_modifier_groupe -> NOM . EQUALS TEXT

    EQUALS          shift and go to state 77


state 39

    (34) expression -> MODIFIER attribut PERSONNE . condition_modif NOUVEAU EQUALS element
    (14) condition_modif -> . attribut EQUALS element
    (15) condition_modif -> . attribut EQUALS element ET condition_modif
    (16) attribut -> . NOM
    (17) attribut -> . PRENOM
    (18) attribut -> . ADRS
    (19) attribut -> . SEXE
    (20) attribut -> . PROMOTION
    (21) attribut -> . MAIL
    (22) attribut -> . LIEUNAIS
    (23) attribut -> . NUMERO
    (24) attribut -> . LOGIN
    (25) attribut -> . MDPASS
    (26) attribut -> . DATENAIS

    NOM             shift and go to state 16
    PRENOM          shift and go to state 24
    ADRS            shift and go to state 23
    SEXE            shift and go to state 20
    PROMOTION       shift and go to state 13
    MAIL            shift and go to state 19
    LIEUNAIS        shift and go to state 22
    NUMERO          shift and go to state 21
    LOGIN           shift and go to state 10
    MDPASS          shift and go to state 15
    DATENAIS        shift and go to state 18

    condition_modif                shift and go to state 78
    attribut                       shift and go to state 79

state 40

    (64) expression -> MODIFIER UV condition_modifier_uv . NOUVEAU EQUALS TEXT

    NOUVEAU         shift and go to state 80


state 41

    (65) condition_modifier_uv -> NOM . EQUALS TEXT

    EQUALS          shift and go to state 81


state 42

    (69) condition_modifier_module -> NOM . EQUALS TEXT

    EQUALS          shift and go to state 82


state 43

    (68) expression -> MODIFIER MODULE condition_modifier_module . but_modifier_module
    (70) but_modifier_module -> . NOUVEAU EQUALS TEXT
    (71) but_modifier_module -> . NOUVEAU EQUALS TEXT UV EQUALS TEXT

    NOUVEAU         shift and go to state 84

    but_modifier_module            shift and go to state 83

state 44

    (1) expression -> AJOUTER GROUPE TEXT .

    $end            reduce using rule 1 (expression -> AJOUTER GROUPE TEXT .)


state 45

    (63) expression -> AJOUTER UV TEXT . NUM EQUALS FLOAT

    NUM             shift and go to state 85


state 46

    (67) expression -> AJOUTER MODULE TEXT . UV EQUALS TEXT

    UV              shift and go to state 86


state 47

    (9) expression -> AJOUTER PERSONNE NOM . EQUALS noms PRENOM EQUALS prenoms facul

    EQUALS          shift and go to state 87


state 48

    (44) facul -> numero . facul
    (35) facul -> . date_naiss facul
    (36) facul -> . sexuality facul
    (37) facul -> . lieu_nais facul
    (38) facul -> . adresses facul
    (39) facul -> . type facul
    (40) facul -> . promotion facul
    (41) facul -> . login facul
    (42) facul -> . mail facul
    (43) facul -> . mdp facul
    (44) facul -> . numero facul
    (45) facul -> .
    (46) date_naiss -> . DATENAIS EQUALS DATE
    (47) sexuality -> . SEXE EQUALS SEX
    (49) lieu_nais -> . LIEUNAIS EQUALS TEXT
    (48) adresses -> . ADRS EQUALS TEXT
    (50) type -> . TYPE EQUALS NUM
    (51) promotion -> . PROMOTION EQUALS PROMOXP
    (55) login -> . LOGIN EQUALS ID
    (54) mail -> . MAIL EQUALS MAILXP
    (52) mdp -> . MDPASS EQUALS TEXT
    (53) numero -> . NUMERO EQUALS NUM

    $end            reduce using rule 45 (facul -> .)
    DATENAIS        shift and go to state 59
    SEXE            shift and go to state 65
    LIEUNAIS        shift and go to state 66
    ADRS            shift and go to state 72
    TYPE            shift and go to state 53
    PROMOTION       shift and go to state 55
    LOGIN           shift and go to state 49
    MAIL            shift and go to state 63
    MDPASS          shift and go to state 54
    NUMERO          shift and go to state 67

    numero                         shift and go to state 48
    date_naiss                     shift and go to state 57
    type                           shift and go to state 50
    sexuality                      shift and go to state 68
    lieu_nais                      shift and go to state 69
    facul                          shift and go to state 88
    login                          shift and go to state 71
    adresses                       shift and go to state 60
    mdp                            shift and go to state 62
    promotion                      shift and go to state 56
    mail                           shift and go to state 61

state 49

    (55) login -> LOGIN . EQUALS ID

    EQUALS          shift and go to state 89


state 50

    (39) facul -> type . facul
    (35) facul -> . date_naiss facul
    (36) facul -> . sexuality facul
    (37) facul -> . lieu_nais facul
    (38) facul -> . adresses facul
    (39) facul -> . type facul
    (40) facul -> . promotion facul
    (41) facul -> . login facul
    (42) facul -> . mail facul
    (43) facul -> . mdp facul
    (44) facul -> . numero facul
    (45) facul -> .
    (46) date_naiss -> . DATENAIS EQUALS DATE
    (47) sexuality -> . SEXE EQUALS SEX
    (49) lieu_nais -> . LIEUNAIS EQUALS TEXT
    (48) adresses -> . ADRS EQUALS TEXT
    (50) type -> . TYPE EQUALS NUM
    (51) promotion -> . PROMOTION EQUALS PROMOXP
    (55) login -> . LOGIN EQUALS ID
    (54) mail -> . MAIL EQUALS MAILXP
    (52) mdp -> . MDPASS EQUALS TEXT
    (53) numero -> . NUMERO EQUALS NUM

    $end            reduce using rule 45 (facul -> .)
    DATENAIS        shift and go to state 59
    SEXE            shift and go to state 65
    LIEUNAIS        shift and go to state 66
    ADRS            shift and go to state 72
    TYPE            shift and go to state 53
    PROMOTION       shift and go to state 55
    LOGIN           shift and go to state 49
    MAIL            shift and go to state 63
    MDPASS          shift and go to state 54
    NUMERO          shift and go to state 67

    mdp                            shift and go to state 62
    date_naiss                     shift and go to state 57
    type                           shift and go to state 50
    sexuality                      shift and go to state 68
    lieu_nais                      shift and go to state 69
    numero                         shift and go to state 48
    facul                          shift and go to state 90
    login                          shift and go to state 71
    adresses                       shift and go to state 60
    promotion                      shift and go to state 56
    mail                           shift and go to state 61

state 51

    (6) facul3 -> facul2 .

    $end            reduce using rule 6 (facul3 -> facul2 .)


state 52

    (5) facul3 -> NOM . EQUALS noms facul2

    EQUALS          shift and go to state 91


state 53

    (50) type -> TYPE . EQUALS NUM

    EQUALS          shift and go to state 92


state 54

    (52) mdp -> MDPASS . EQUALS TEXT

    EQUALS          shift and go to state 93


state 55

    (51) promotion -> PROMOTION . EQUALS PROMOXP

    EQUALS          shift and go to state 94


state 56

    (40) facul -> promotion . facul
    (35) facul -> . date_naiss facul
    (36) facul -> . sexuality facul
    (37) facul -> . lieu_nais facul
    (38) facul -> . adresses facul
    (39) facul -> . type facul
    (40) facul -> . promotion facul
    (41) facul -> . login facul
    (42) facul -> . mail facul
    (43) facul -> . mdp facul
    (44) facul -> . numero facul
    (45) facul -> .
    (46) date_naiss -> . DATENAIS EQUALS DATE
    (47) sexuality -> . SEXE EQUALS SEX
    (49) lieu_nais -> . LIEUNAIS EQUALS TEXT
    (48) adresses -> . ADRS EQUALS TEXT
    (50) type -> . TYPE EQUALS NUM
    (51) promotion -> . PROMOTION EQUALS PROMOXP
    (55) login -> . LOGIN EQUALS ID
    (54) mail -> . MAIL EQUALS MAILXP
    (52) mdp -> . MDPASS EQUALS TEXT
    (53) numero -> . NUMERO EQUALS NUM

    $end            reduce using rule 45 (facul -> .)
    DATENAIS        shift and go to state 59
    SEXE            shift and go to state 65
    LIEUNAIS        shift and go to state 66
    ADRS            shift and go to state 72
    TYPE            shift and go to state 53
    PROMOTION       shift and go to state 55
    LOGIN           shift and go to state 49
    MAIL            shift and go to state 63
    MDPASS          shift and go to state 54
    NUMERO          shift and go to state 67

    mdp                            shift and go to state 62
    date_naiss                     shift and go to state 57
    type                           shift and go to state 50
    sexuality                      shift and go to state 68
    lieu_nais                      shift and go to state 69
    numero                         shift and go to state 48
    facul                          shift and go to state 95
    login                          shift and go to state 71
    adresses                       shift and go to state 60
    promotion                      shift and go to state 56
    mail                           shift and go to state 61

state 57

    (35) facul -> date_naiss . facul
    (35) facul -> . date_naiss facul
    (36) facul -> . sexuality facul
    (37) facul -> . lieu_nais facul
    (38) facul -> . adresses facul
    (39) facul -> . type facul
    (40) facul -> . promotion facul
    (41) facul -> . login facul
    (42) facul -> . mail facul
    (43) facul -> . mdp facul
    (44) facul -> . numero facul
    (45) facul -> .
    (46) date_naiss -> . DATENAIS EQUALS DATE
    (47) sexuality -> . SEXE EQUALS SEX
    (49) lieu_nais -> . LIEUNAIS EQUALS TEXT
    (48) adresses -> . ADRS EQUALS TEXT
    (50) type -> . TYPE EQUALS NUM
    (51) promotion -> . PROMOTION EQUALS PROMOXP
    (55) login -> . LOGIN EQUALS ID
    (54) mail -> . MAIL EQUALS MAILXP
    (52) mdp -> . MDPASS EQUALS TEXT
    (53) numero -> . NUMERO EQUALS NUM

    $end            reduce using rule 45 (facul -> .)
    DATENAIS        shift and go to state 59
    SEXE            shift and go to state 65
    LIEUNAIS        shift and go to state 66
    ADRS            shift and go to state 72
    TYPE            shift and go to state 53
    PROMOTION       shift and go to state 55
    LOGIN           shift and go to state 49
    MAIL            shift and go to state 63
    MDPASS          shift and go to state 54
    NUMERO          shift and go to state 67

    mdp                            shift and go to state 62
    date_naiss                     shift and go to state 57
    type                           shift and go to state 50
    sexuality                      shift and go to state 68
    lieu_nais                      shift and go to state 69
    numero                         shift and go to state 48
    facul                          shift and go to state 96
    login                          shift and go to state 71
    adresses                       shift and go to state 60
    promotion                      shift and go to state 56
    mail                           shift and go to state 61

state 58

    (7) facul2 -> PRENOM . EQUALS prenoms facul

    EQUALS          shift and go to state 97


state 59

    (46) date_naiss -> DATENAIS . EQUALS DATE

    EQUALS          shift and go to state 98


state 60

    (38) facul -> adresses . facul
    (35) facul -> . date_naiss facul
    (36) facul -> . sexuality facul
    (37) facul -> . lieu_nais facul
    (38) facul -> . adresses facul
    (39) facul -> . type facul
    (40) facul -> . promotion facul
    (41) facul -> . login facul
    (42) facul -> . mail facul
    (43) facul -> . mdp facul
    (44) facul -> . numero facul
    (45) facul -> .
    (46) date_naiss -> . DATENAIS EQUALS DATE
    (47) sexuality -> . SEXE EQUALS SEX
    (49) lieu_nais -> . LIEUNAIS EQUALS TEXT
    (48) adresses -> . ADRS EQUALS TEXT
    (50) type -> . TYPE EQUALS NUM
    (51) promotion -> . PROMOTION EQUALS PROMOXP
    (55) login -> . LOGIN EQUALS ID
    (54) mail -> . MAIL EQUALS MAILXP
    (52) mdp -> . MDPASS EQUALS TEXT
    (53) numero -> . NUMERO EQUALS NUM

    $end            reduce using rule 45 (facul -> .)
    DATENAIS        shift and go to state 59
    SEXE            shift and go to state 65
    LIEUNAIS        shift and go to state 66
    ADRS            shift and go to state 72
    TYPE            shift and go to state 53
    PROMOTION       shift and go to state 55
    LOGIN           shift and go to state 49
    MAIL            shift and go to state 63
    MDPASS          shift and go to state 54
    NUMERO          shift and go to state 67

    mdp                            shift and go to state 62
    date_naiss                     shift and go to state 57
    type                           shift and go to state 50
    sexuality                      shift and go to state 68
    lieu_nais                      shift and go to state 69
    numero                         shift and go to state 48
    facul                          shift and go to state 99
    login                          shift and go to state 71
    adresses                       shift and go to state 60
    promotion                      shift and go to state 56
    mail                           shift and go to state 61

state 61

    (42) facul -> mail . facul
    (35) facul -> . date_naiss facul
    (36) facul -> . sexuality facul
    (37) facul -> . lieu_nais facul
    (38) facul -> . adresses facul
    (39) facul -> . type facul
    (40) facul -> . promotion facul
    (41) facul -> . login facul
    (42) facul -> . mail facul
    (43) facul -> . mdp facul
    (44) facul -> . numero facul
    (45) facul -> .
    (46) date_naiss -> . DATENAIS EQUALS DATE
    (47) sexuality -> . SEXE EQUALS SEX
    (49) lieu_nais -> . LIEUNAIS EQUALS TEXT
    (48) adresses -> . ADRS EQUALS TEXT
    (50) type -> . TYPE EQUALS NUM
    (51) promotion -> . PROMOTION EQUALS PROMOXP
    (55) login -> . LOGIN EQUALS ID
    (54) mail -> . MAIL EQUALS MAILXP
    (52) mdp -> . MDPASS EQUALS TEXT
    (53) numero -> . NUMERO EQUALS NUM

    $end            reduce using rule 45 (facul -> .)
    DATENAIS        shift and go to state 59
    SEXE            shift and go to state 65
    LIEUNAIS        shift and go to state 66
    ADRS            shift and go to state 72
    TYPE            shift and go to state 53
    PROMOTION       shift and go to state 55
    LOGIN           shift and go to state 49
    MAIL            shift and go to state 63
    MDPASS          shift and go to state 54
    NUMERO          shift and go to state 67

    mdp                            shift and go to state 62
    date_naiss                     shift and go to state 57
    type                           shift and go to state 50
    sexuality                      shift and go to state 68
    lieu_nais                      shift and go to state 69
    numero                         shift and go to state 48
    facul                          shift and go to state 100
    login                          shift and go to state 71
    adresses                       shift and go to state 60
    promotion                      shift and go to state 56
    mail                           shift and go to state 61

state 62

    (43) facul -> mdp . facul
    (35) facul -> . date_naiss facul
    (36) facul -> . sexuality facul
    (37) facul -> . lieu_nais facul
    (38) facul -> . adresses facul
    (39) facul -> . type facul
    (40) facul -> . promotion facul
    (41) facul -> . login facul
    (42) facul -> . mail facul
    (43) facul -> . mdp facul
    (44) facul -> . numero facul
    (45) facul -> .
    (46) date_naiss -> . DATENAIS EQUALS DATE
    (47) sexuality -> . SEXE EQUALS SEX
    (49) lieu_nais -> . LIEUNAIS EQUALS TEXT
    (48) adresses -> . ADRS EQUALS TEXT
    (50) type -> . TYPE EQUALS NUM
    (51) promotion -> . PROMOTION EQUALS PROMOXP
    (55) login -> . LOGIN EQUALS ID
    (54) mail -> . MAIL EQUALS MAILXP
    (52) mdp -> . MDPASS EQUALS TEXT
    (53) numero -> . NUMERO EQUALS NUM

    $end            reduce using rule 45 (facul -> .)
    DATENAIS        shift and go to state 59
    SEXE            shift and go to state 65
    LIEUNAIS        shift and go to state 66
    ADRS            shift and go to state 72
    TYPE            shift and go to state 53
    PROMOTION       shift and go to state 55
    LOGIN           shift and go to state 49
    MAIL            shift and go to state 63
    MDPASS          shift and go to state 54
    NUMERO          shift and go to state 67

    mdp                            shift and go to state 62
    date_naiss                     shift and go to state 57
    type                           shift and go to state 50
    sexuality                      shift and go to state 68
    lieu_nais                      shift and go to state 69
    numero                         shift and go to state 48
    facul                          shift and go to state 101
    login                          shift and go to state 71
    adresses                       shift and go to state 60
    promotion                      shift and go to state 56
    mail                           shift and go to state 61

state 63

    (54) mail -> MAIL . EQUALS MAILXP

    EQUALS          shift and go to state 102


state 64

    (4) expression -> AFFICHER PERSONNE facul3 .

    $end            reduce using rule 4 (expression -> AFFICHER PERSONNE facul3 .)


state 65

    (47) sexuality -> SEXE . EQUALS SEX

    EQUALS          shift and go to state 103


state 66

    (49) lieu_nais -> LIEUNAIS . EQUALS TEXT

    EQUALS          shift and go to state 104


state 67

    (53) numero -> NUMERO . EQUALS NUM

    EQUALS          shift and go to state 105


state 68

    (36) facul -> sexuality . facul
    (35) facul -> . date_naiss facul
    (36) facul -> . sexuality facul
    (37) facul -> . lieu_nais facul
    (38) facul -> . adresses facul
    (39) facul -> . type facul
    (40) facul -> . promotion facul
    (41) facul -> . login facul
    (42) facul -> . mail facul
    (43) facul -> . mdp facul
    (44) facul -> . numero facul
    (45) facul -> .
    (46) date_naiss -> . DATENAIS EQUALS DATE
    (47) sexuality -> . SEXE EQUALS SEX
    (49) lieu_nais -> . LIEUNAIS EQUALS TEXT
    (48) adresses -> . ADRS EQUALS TEXT
    (50) type -> . TYPE EQUALS NUM
    (51) promotion -> . PROMOTION EQUALS PROMOXP
    (55) login -> . LOGIN EQUALS ID
    (54) mail -> . MAIL EQUALS MAILXP
    (52) mdp -> . MDPASS EQUALS TEXT
    (53) numero -> . NUMERO EQUALS NUM

    $end            reduce using rule 45 (facul -> .)
    DATENAIS        shift and go to state 59
    SEXE            shift and go to state 65
    LIEUNAIS        shift and go to state 66
    ADRS            shift and go to state 72
    TYPE            shift and go to state 53
    PROMOTION       shift and go to state 55
    LOGIN           shift and go to state 49
    MAIL            shift and go to state 63
    MDPASS          shift and go to state 54
    NUMERO          shift and go to state 67

    mdp                            shift and go to state 62
    date_naiss                     shift and go to state 57
    type                           shift and go to state 50
    sexuality                      shift and go to state 68
    lieu_nais                      shift and go to state 69
    numero                         shift and go to state 48
    facul                          shift and go to state 106
    login                          shift and go to state 71
    adresses                       shift and go to state 60
    promotion                      shift and go to state 56
    mail                           shift and go to state 61

state 69

    (37) facul -> lieu_nais . facul
    (35) facul -> . date_naiss facul
    (36) facul -> . sexuality facul
    (37) facul -> . lieu_nais facul
    (38) facul -> . adresses facul
    (39) facul -> . type facul
    (40) facul -> . promotion facul
    (41) facul -> . login facul
    (42) facul -> . mail facul
    (43) facul -> . mdp facul
    (44) facul -> . numero facul
    (45) facul -> .
    (46) date_naiss -> . DATENAIS EQUALS DATE
    (47) sexuality -> . SEXE EQUALS SEX
    (49) lieu_nais -> . LIEUNAIS EQUALS TEXT
    (48) adresses -> . ADRS EQUALS TEXT
    (50) type -> . TYPE EQUALS NUM
    (51) promotion -> . PROMOTION EQUALS PROMOXP
    (55) login -> . LOGIN EQUALS ID
    (54) mail -> . MAIL EQUALS MAILXP
    (52) mdp -> . MDPASS EQUALS TEXT
    (53) numero -> . NUMERO EQUALS NUM

    $end            reduce using rule 45 (facul -> .)
    DATENAIS        shift and go to state 59
    SEXE            shift and go to state 65
    LIEUNAIS        shift and go to state 66
    ADRS            shift and go to state 72
    TYPE            shift and go to state 53
    PROMOTION       shift and go to state 55
    LOGIN           shift and go to state 49
    MAIL            shift and go to state 63
    MDPASS          shift and go to state 54
    NUMERO          shift and go to state 67

    mdp                            shift and go to state 62
    date_naiss                     shift and go to state 57
    type                           shift and go to state 50
    sexuality                      shift and go to state 68
    lieu_nais                      shift and go to state 69
    numero                         shift and go to state 48
    facul                          shift and go to state 107
    login                          shift and go to state 71
    adresses                       shift and go to state 60
    promotion                      shift and go to state 56
    mail                           shift and go to state 61

state 70

    (8) facul2 -> facul .

    $end            reduce using rule 8 (facul2 -> facul .)


state 71

    (41) facul -> login . facul
    (35) facul -> . date_naiss facul
    (36) facul -> . sexuality facul
    (37) facul -> . lieu_nais facul
    (38) facul -> . adresses facul
    (39) facul -> . type facul
    (40) facul -> . promotion facul
    (41) facul -> . login facul
    (42) facul -> . mail facul
    (43) facul -> . mdp facul
    (44) facul -> . numero facul
    (45) facul -> .
    (46) date_naiss -> . DATENAIS EQUALS DATE
    (47) sexuality -> . SEXE EQUALS SEX
    (49) lieu_nais -> . LIEUNAIS EQUALS TEXT
    (48) adresses -> . ADRS EQUALS TEXT
    (50) type -> . TYPE EQUALS NUM
    (51) promotion -> . PROMOTION EQUALS PROMOXP
    (55) login -> . LOGIN EQUALS ID
    (54) mail -> . MAIL EQUALS MAILXP
    (52) mdp -> . MDPASS EQUALS TEXT
    (53) numero -> . NUMERO EQUALS NUM

    $end            reduce using rule 45 (facul -> .)
    DATENAIS        shift and go to state 59
    SEXE            shift and go to state 65
    LIEUNAIS        shift and go to state 66
    ADRS            shift and go to state 72
    TYPE            shift and go to state 53
    PROMOTION       shift and go to state 55
    LOGIN           shift and go to state 49
    MAIL            shift and go to state 63
    MDPASS          shift and go to state 54
    NUMERO          shift and go to state 67

    mdp                            shift and go to state 62
    date_naiss                     shift and go to state 57
    type                           shift and go to state 50
    sexuality                      shift and go to state 68
    lieu_nais                      shift and go to state 69
    numero                         shift and go to state 48
    facul                          shift and go to state 108
    login                          shift and go to state 71
    adresses                       shift and go to state 60
    promotion                      shift and go to state 56
    mail                           shift and go to state 61

state 72

    (48) adresses -> ADRS . EQUALS TEXT

    EQUALS          shift and go to state 109


state 73

    (59) facul_uv -> UV . EQUALS TEXT

    EQUALS          shift and go to state 110


state 74

    (58) expression -> AFFICHER MODULE facul_uv .

    $end            reduce using rule 58 (expression -> AFFICHER MODULE facul_uv .)


state 75

    (2) expression -> SUPPRIMER PERSONNE NOM EQUALS . noms facul2
    (10) noms -> . ID
    (11) noms -> . ID noms

    ID              shift and go to state 111

    noms                           shift and go to state 112

state 76

    (60) expression -> MODIFIER GROUPE condition_modifier_groupe NOUVEAU . EQUALS TEXT

    EQUALS          shift and go to state 113


state 77

    (61) condition_modifier_groupe -> NOM EQUALS . TEXT

    TEXT            shift and go to state 114


state 78

    (34) expression -> MODIFIER attribut PERSONNE condition_modif . NOUVEAU EQUALS element

    NOUVEAU         shift and go to state 115


state 79

    (14) condition_modif -> attribut . EQUALS element
    (15) condition_modif -> attribut . EQUALS element ET condition_modif

    EQUALS          shift and go to state 116


state 80

    (64) expression -> MODIFIER UV condition_modifier_uv NOUVEAU . EQUALS TEXT

    EQUALS          shift and go to state 117


state 81

    (65) condition_modifier_uv -> NOM EQUALS . TEXT

    TEXT            shift and go to state 118


state 82

    (69) condition_modifier_module -> NOM EQUALS . TEXT

    TEXT            shift and go to state 119


state 83

    (68) expression -> MODIFIER MODULE condition_modifier_module but_modifier_module .

    $end            reduce using rule 68 (expression -> MODIFIER MODULE condition_modifier_module but_modifier_module .)


state 84

    (70) but_modifier_module -> NOUVEAU . EQUALS TEXT
    (71) but_modifier_module -> NOUVEAU . EQUALS TEXT UV EQUALS TEXT

    EQUALS          shift and go to state 120


state 85

    (63) expression -> AJOUTER UV TEXT NUM . EQUALS FLOAT

    EQUALS          shift and go to state 121


state 86

    (67) expression -> AJOUTER MODULE TEXT UV . EQUALS TEXT

    EQUALS          shift and go to state 122


state 87

    (9) expression -> AJOUTER PERSONNE NOM EQUALS . noms PRENOM EQUALS prenoms facul
    (10) noms -> . ID
    (11) noms -> . ID noms

    ID              shift and go to state 111

    noms                           shift and go to state 123

state 88

    (44) facul -> numero facul .

    $end            reduce using rule 44 (facul -> numero facul .)


state 89

    (55) login -> LOGIN EQUALS . ID

    ID              shift and go to state 124


state 90

    (39) facul -> type facul .

    $end            reduce using rule 39 (facul -> type facul .)


state 91

    (5) facul3 -> NOM EQUALS . noms facul2
    (10) noms -> . ID
    (11) noms -> . ID noms

    ID              shift and go to state 111

    noms                           shift and go to state 125

state 92

    (50) type -> TYPE EQUALS . NUM

    NUM             shift and go to state 126


state 93

    (52) mdp -> MDPASS EQUALS . TEXT

    TEXT            shift and go to state 127


state 94

    (51) promotion -> PROMOTION EQUALS . PROMOXP

    PROMOXP         shift and go to state 128


state 95

    (40) facul -> promotion facul .

    $end            reduce using rule 40 (facul -> promotion facul .)


state 96

    (35) facul -> date_naiss facul .

    $end            reduce using rule 35 (facul -> date_naiss facul .)


state 97

    (7) facul2 -> PRENOM EQUALS . prenoms facul
    (12) prenoms -> . ID
    (13) prenoms -> . ID prenoms

    ID              shift and go to state 129

    prenoms                        shift and go to state 130

state 98

    (46) date_naiss -> DATENAIS EQUALS . DATE

    DATE            shift and go to state 131


state 99

    (38) facul -> adresses facul .

    $end            reduce using rule 38 (facul -> adresses facul .)


state 100

    (42) facul -> mail facul .

    $end            reduce using rule 42 (facul -> mail facul .)


state 101

    (43) facul -> mdp facul .

    $end            reduce using rule 43 (facul -> mdp facul .)


state 102

    (54) mail -> MAIL EQUALS . MAILXP

    MAILXP          shift and go to state 132


state 103

    (47) sexuality -> SEXE EQUALS . SEX

    SEX             shift and go to state 133


state 104

    (49) lieu_nais -> LIEUNAIS EQUALS . TEXT

    TEXT            shift and go to state 134


state 105

    (53) numero -> NUMERO EQUALS . NUM

    NUM             shift and go to state 135


state 106

    (36) facul -> sexuality facul .

    $end            reduce using rule 36 (facul -> sexuality facul .)


state 107

    (37) facul -> lieu_nais facul .

    $end            reduce using rule 37 (facul -> lieu_nais facul .)


state 108

    (41) facul -> login facul .

    $end            reduce using rule 41 (facul -> login facul .)


state 109

    (48) adresses -> ADRS EQUALS . TEXT

    TEXT            shift and go to state 136


state 110

    (59) facul_uv -> UV EQUALS . TEXT

    TEXT            shift and go to state 137


state 111

    (10) noms -> ID .
    (11) noms -> ID . noms
    (10) noms -> . ID
    (11) noms -> . ID noms

    PRENOM          reduce using rule 10 (noms -> ID .)
    DATENAIS        reduce using rule 10 (noms -> ID .)
    SEXE            reduce using rule 10 (noms -> ID .)
    LIEUNAIS        reduce using rule 10 (noms -> ID .)
    ADRS            reduce using rule 10 (noms -> ID .)
    TYPE            reduce using rule 10 (noms -> ID .)
    PROMOTION       reduce using rule 10 (noms -> ID .)
    LOGIN           reduce using rule 10 (noms -> ID .)
    MAIL            reduce using rule 10 (noms -> ID .)
    MDPASS          reduce using rule 10 (noms -> ID .)
    NUMERO          reduce using rule 10 (noms -> ID .)
    $end            reduce using rule 10 (noms -> ID .)
    ID              shift and go to state 111

    noms                           shift and go to state 138

state 112

    (2) expression -> SUPPRIMER PERSONNE NOM EQUALS noms . facul2
    (7) facul2 -> . PRENOM EQUALS prenoms facul
    (8) facul2 -> . facul
    (35) facul -> . date_naiss facul
    (36) facul -> . sexuality facul
    (37) facul -> . lieu_nais facul
    (38) facul -> . adresses facul
    (39) facul -> . type facul
    (40) facul -> . promotion facul
    (41) facul -> . login facul
    (42) facul -> . mail facul
    (43) facul -> . mdp facul
    (44) facul -> . numero facul
    (45) facul -> .
    (46) date_naiss -> . DATENAIS EQUALS DATE
    (47) sexuality -> . SEXE EQUALS SEX
    (49) lieu_nais -> . LIEUNAIS EQUALS TEXT
    (48) adresses -> . ADRS EQUALS TEXT
    (50) type -> . TYPE EQUALS NUM
    (51) promotion -> . PROMOTION EQUALS PROMOXP
    (55) login -> . LOGIN EQUALS ID
    (54) mail -> . MAIL EQUALS MAILXP
    (52) mdp -> . MDPASS EQUALS TEXT
    (53) numero -> . NUMERO EQUALS NUM

    PRENOM          shift and go to state 58
    $end            reduce using rule 45 (facul -> .)
    DATENAIS        shift and go to state 59
    SEXE            shift and go to state 65
    LIEUNAIS        shift and go to state 66
    ADRS            shift and go to state 72
    TYPE            shift and go to state 53
    PROMOTION       shift and go to state 55
    LOGIN           shift and go to state 49
    MAIL            shift and go to state 63
    MDPASS          shift and go to state 54
    NUMERO          shift and go to state 67

    mdp                            shift and go to state 62
    numero                         shift and go to state 48
    type                           shift and go to state 50
    facul2                         shift and go to state 139
    promotion                      shift and go to state 56
    date_naiss                     shift and go to state 57
    sexuality                      shift and go to state 68
    lieu_nais                      shift and go to state 69
    facul                          shift and go to state 70
    mail                           shift and go to state 61
    adresses                       shift and go to state 60
    login                          shift and go to state 71

state 113

    (60) expression -> MODIFIER GROUPE condition_modifier_groupe NOUVEAU EQUALS . TEXT

    TEXT            shift and go to state 140


state 114

    (61) condition_modifier_groupe -> NOM EQUALS TEXT .

    NOUVEAU         reduce using rule 61 (condition_modifier_groupe -> NOM EQUALS TEXT .)


state 115

    (34) expression -> MODIFIER attribut PERSONNE condition_modif NOUVEAU . EQUALS element

    EQUALS          shift and go to state 141


state 116

    (14) condition_modif -> attribut EQUALS . element
    (15) condition_modif -> attribut EQUALS . element ET condition_modif
    (27) element -> . ID
    (28) element -> . TEXT
    (29) element -> . NUM
    (30) element -> . MAILXP
    (31) element -> . DATE
    (32) element -> . PROMOXP
    (33) element -> . SEX

    ID              shift and go to state 149
    TEXT            shift and go to state 143
    NUM             shift and go to state 148
    MAILXP          shift and go to state 145
    DATE            shift and go to state 147
    PROMOXP         shift and go to state 146
    SEX             shift and go to state 144

    element                        shift and go to state 142

state 117

    (64) expression -> MODIFIER UV condition_modifier_uv NOUVEAU EQUALS . TEXT

    TEXT            shift and go to state 150


state 118

    (65) condition_modifier_uv -> NOM EQUALS TEXT .

    NOUVEAU         reduce using rule 65 (condition_modifier_uv -> NOM EQUALS TEXT .)


state 119

    (69) condition_modifier_module -> NOM EQUALS TEXT .

    NOUVEAU         reduce using rule 69 (condition_modifier_module -> NOM EQUALS TEXT .)


state 120

    (70) but_modifier_module -> NOUVEAU EQUALS . TEXT
    (71) but_modifier_module -> NOUVEAU EQUALS . TEXT UV EQUALS TEXT

    TEXT            shift and go to state 151


state 121

    (63) expression -> AJOUTER UV TEXT NUM EQUALS . FLOAT

    FLOAT           shift and go to state 152


state 122

    (67) expression -> AJOUTER MODULE TEXT UV EQUALS . TEXT

    TEXT            shift and go to state 153


state 123

    (9) expression -> AJOUTER PERSONNE NOM EQUALS noms . PRENOM EQUALS prenoms facul

    PRENOM          shift and go to state 154


state 124

    (55) login -> LOGIN EQUALS ID .

    DATENAIS        reduce using rule 55 (login -> LOGIN EQUALS ID .)
    SEXE            reduce using rule 55 (login -> LOGIN EQUALS ID .)
    LIEUNAIS        reduce using rule 55 (login -> LOGIN EQUALS ID .)
    ADRS            reduce using rule 55 (login -> LOGIN EQUALS ID .)
    TYPE            reduce using rule 55 (login -> LOGIN EQUALS ID .)
    PROMOTION       reduce using rule 55 (login -> LOGIN EQUALS ID .)
    LOGIN           reduce using rule 55 (login -> LOGIN EQUALS ID .)
    MAIL            reduce using rule 55 (login -> LOGIN EQUALS ID .)
    MDPASS          reduce using rule 55 (login -> LOGIN EQUALS ID .)
    NUMERO          reduce using rule 55 (login -> LOGIN EQUALS ID .)
    $end            reduce using rule 55 (login -> LOGIN EQUALS ID .)


state 125

    (5) facul3 -> NOM EQUALS noms . facul2
    (7) facul2 -> . PRENOM EQUALS prenoms facul
    (8) facul2 -> . facul
    (35) facul -> . date_naiss facul
    (36) facul -> . sexuality facul
    (37) facul -> . lieu_nais facul
    (38) facul -> . adresses facul
    (39) facul -> . type facul
    (40) facul -> . promotion facul
    (41) facul -> . login facul
    (42) facul -> . mail facul
    (43) facul -> . mdp facul
    (44) facul -> . numero facul
    (45) facul -> .
    (46) date_naiss -> . DATENAIS EQUALS DATE
    (47) sexuality -> . SEXE EQUALS SEX
    (49) lieu_nais -> . LIEUNAIS EQUALS TEXT
    (48) adresses -> . ADRS EQUALS TEXT
    (50) type -> . TYPE EQUALS NUM
    (51) promotion -> . PROMOTION EQUALS PROMOXP
    (55) login -> . LOGIN EQUALS ID
    (54) mail -> . MAIL EQUALS MAILXP
    (52) mdp -> . MDPASS EQUALS TEXT
    (53) numero -> . NUMERO EQUALS NUM

    PRENOM          shift and go to state 58
    $end            reduce using rule 45 (facul -> .)
    DATENAIS        shift and go to state 59
    SEXE            shift and go to state 65
    LIEUNAIS        shift and go to state 66
    ADRS            shift and go to state 72
    TYPE            shift and go to state 53
    PROMOTION       shift and go to state 55
    LOGIN           shift and go to state 49
    MAIL            shift and go to state 63
    MDPASS          shift and go to state 54
    NUMERO          shift and go to state 67

    mdp                            shift and go to state 62
    numero                         shift and go to state 48
    type                           shift and go to state 50
    facul2                         shift and go to state 155
    promotion                      shift and go to state 56
    date_naiss                     shift and go to state 57
    sexuality                      shift and go to state 68
    lieu_nais                      shift and go to state 69
    facul                          shift and go to state 70
    mail                           shift and go to state 61
    adresses                       shift and go to state 60
    login                          shift and go to state 71

state 126

    (50) type -> TYPE EQUALS NUM .

    DATENAIS        reduce using rule 50 (type -> TYPE EQUALS NUM .)
    SEXE            reduce using rule 50 (type -> TYPE EQUALS NUM .)
    LIEUNAIS        reduce using rule 50 (type -> TYPE EQUALS NUM .)
    ADRS            reduce using rule 50 (type -> TYPE EQUALS NUM .)
    TYPE            reduce using rule 50 (type -> TYPE EQUALS NUM .)
    PROMOTION       reduce using rule 50 (type -> TYPE EQUALS NUM .)
    LOGIN           reduce using rule 50 (type -> TYPE EQUALS NUM .)
    MAIL            reduce using rule 50 (type -> TYPE EQUALS NUM .)
    MDPASS          reduce using rule 50 (type -> TYPE EQUALS NUM .)
    NUMERO          reduce using rule 50 (type -> TYPE EQUALS NUM .)
    $end            reduce using rule 50 (type -> TYPE EQUALS NUM .)


state 127

    (52) mdp -> MDPASS EQUALS TEXT .

    DATENAIS        reduce using rule 52 (mdp -> MDPASS EQUALS TEXT .)
    SEXE            reduce using rule 52 (mdp -> MDPASS EQUALS TEXT .)
    LIEUNAIS        reduce using rule 52 (mdp -> MDPASS EQUALS TEXT .)
    ADRS            reduce using rule 52 (mdp -> MDPASS EQUALS TEXT .)
    TYPE            reduce using rule 52 (mdp -> MDPASS EQUALS TEXT .)
    PROMOTION       reduce using rule 52 (mdp -> MDPASS EQUALS TEXT .)
    LOGIN           reduce using rule 52 (mdp -> MDPASS EQUALS TEXT .)
    MAIL            reduce using rule 52 (mdp -> MDPASS EQUALS TEXT .)
    MDPASS          reduce using rule 52 (mdp -> MDPASS EQUALS TEXT .)
    NUMERO          reduce using rule 52 (mdp -> MDPASS EQUALS TEXT .)
    $end            reduce using rule 52 (mdp -> MDPASS EQUALS TEXT .)


state 128

    (51) promotion -> PROMOTION EQUALS PROMOXP .

    DATENAIS        reduce using rule 51 (promotion -> PROMOTION EQUALS PROMOXP .)
    SEXE            reduce using rule 51 (promotion -> PROMOTION EQUALS PROMOXP .)
    LIEUNAIS        reduce using rule 51 (promotion -> PROMOTION EQUALS PROMOXP .)
    ADRS            reduce using rule 51 (promotion -> PROMOTION EQUALS PROMOXP .)
    TYPE            reduce using rule 51 (promotion -> PROMOTION EQUALS PROMOXP .)
    PROMOTION       reduce using rule 51 (promotion -> PROMOTION EQUALS PROMOXP .)
    LOGIN           reduce using rule 51 (promotion -> PROMOTION EQUALS PROMOXP .)
    MAIL            reduce using rule 51 (promotion -> PROMOTION EQUALS PROMOXP .)
    MDPASS          reduce using rule 51 (promotion -> PROMOTION EQUALS PROMOXP .)
    NUMERO          reduce using rule 51 (promotion -> PROMOTION EQUALS PROMOXP .)
    $end            reduce using rule 51 (promotion -> PROMOTION EQUALS PROMOXP .)


state 129

    (12) prenoms -> ID .
    (13) prenoms -> ID . prenoms
    (12) prenoms -> . ID
    (13) prenoms -> . ID prenoms

    DATENAIS        reduce using rule 12 (prenoms -> ID .)
    SEXE            reduce using rule 12 (prenoms -> ID .)
    LIEUNAIS        reduce using rule 12 (prenoms -> ID .)
    ADRS            reduce using rule 12 (prenoms -> ID .)
    TYPE            reduce using rule 12 (prenoms -> ID .)
    PROMOTION       reduce using rule 12 (prenoms -> ID .)
    LOGIN           reduce using rule 12 (prenoms -> ID .)
    MAIL            reduce using rule 12 (prenoms -> ID .)
    MDPASS          reduce using rule 12 (prenoms -> ID .)
    NUMERO          reduce using rule 12 (prenoms -> ID .)
    $end            reduce using rule 12 (prenoms -> ID .)
    ID              shift and go to state 129

    prenoms                        shift and go to state 156

state 130

    (7) facul2 -> PRENOM EQUALS prenoms . facul
    (35) facul -> . date_naiss facul
    (36) facul -> . sexuality facul
    (37) facul -> . lieu_nais facul
    (38) facul -> . adresses facul
    (39) facul -> . type facul
    (40) facul -> . promotion facul
    (41) facul -> . login facul
    (42) facul -> . mail facul
    (43) facul -> . mdp facul
    (44) facul -> . numero facul
    (45) facul -> .
    (46) date_naiss -> . DATENAIS EQUALS DATE
    (47) sexuality -> . SEXE EQUALS SEX
    (49) lieu_nais -> . LIEUNAIS EQUALS TEXT
    (48) adresses -> . ADRS EQUALS TEXT
    (50) type -> . TYPE EQUALS NUM
    (51) promotion -> . PROMOTION EQUALS PROMOXP
    (55) login -> . LOGIN EQUALS ID
    (54) mail -> . MAIL EQUALS MAILXP
    (52) mdp -> . MDPASS EQUALS TEXT
    (53) numero -> . NUMERO EQUALS NUM

    $end            reduce using rule 45 (facul -> .)
    DATENAIS        shift and go to state 59
    SEXE            shift and go to state 65
    LIEUNAIS        shift and go to state 66
    ADRS            shift and go to state 72
    TYPE            shift and go to state 53
    PROMOTION       shift and go to state 55
    LOGIN           shift and go to state 49
    MAIL            shift and go to state 63
    MDPASS          shift and go to state 54
    NUMERO          shift and go to state 67

    mdp                            shift and go to state 62
    numero                         shift and go to state 48
    type                           shift and go to state 50
    promotion                      shift and go to state 56
    date_naiss                     shift and go to state 57
    sexuality                      shift and go to state 68
    lieu_nais                      shift and go to state 69
    facul                          shift and go to state 157
    login                          shift and go to state 71
    adresses                       shift and go to state 60
    mail                           shift and go to state 61

state 131

    (46) date_naiss -> DATENAIS EQUALS DATE .

    DATENAIS        reduce using rule 46 (date_naiss -> DATENAIS EQUALS DATE .)
    SEXE            reduce using rule 46 (date_naiss -> DATENAIS EQUALS DATE .)
    LIEUNAIS        reduce using rule 46 (date_naiss -> DATENAIS EQUALS DATE .)
    ADRS            reduce using rule 46 (date_naiss -> DATENAIS EQUALS DATE .)
    TYPE            reduce using rule 46 (date_naiss -> DATENAIS EQUALS DATE .)
    PROMOTION       reduce using rule 46 (date_naiss -> DATENAIS EQUALS DATE .)
    LOGIN           reduce using rule 46 (date_naiss -> DATENAIS EQUALS DATE .)
    MAIL            reduce using rule 46 (date_naiss -> DATENAIS EQUALS DATE .)
    MDPASS          reduce using rule 46 (date_naiss -> DATENAIS EQUALS DATE .)
    NUMERO          reduce using rule 46 (date_naiss -> DATENAIS EQUALS DATE .)
    $end            reduce using rule 46 (date_naiss -> DATENAIS EQUALS DATE .)


state 132

    (54) mail -> MAIL EQUALS MAILXP .

    DATENAIS        reduce using rule 54 (mail -> MAIL EQUALS MAILXP .)
    SEXE            reduce using rule 54 (mail -> MAIL EQUALS MAILXP .)
    LIEUNAIS        reduce using rule 54 (mail -> MAIL EQUALS MAILXP .)
    ADRS            reduce using rule 54 (mail -> MAIL EQUALS MAILXP .)
    TYPE            reduce using rule 54 (mail -> MAIL EQUALS MAILXP .)
    PROMOTION       reduce using rule 54 (mail -> MAIL EQUALS MAILXP .)
    LOGIN           reduce using rule 54 (mail -> MAIL EQUALS MAILXP .)
    MAIL            reduce using rule 54 (mail -> MAIL EQUALS MAILXP .)
    MDPASS          reduce using rule 54 (mail -> MAIL EQUALS MAILXP .)
    NUMERO          reduce using rule 54 (mail -> MAIL EQUALS MAILXP .)
    $end            reduce using rule 54 (mail -> MAIL EQUALS MAILXP .)


state 133

    (47) sexuality -> SEXE EQUALS SEX .

    DATENAIS        reduce using rule 47 (sexuality -> SEXE EQUALS SEX .)
    SEXE            reduce using rule 47 (sexuality -> SEXE EQUALS SEX .)
    LIEUNAIS        reduce using rule 47 (sexuality -> SEXE EQUALS SEX .)
    ADRS            reduce using rule 47 (sexuality -> SEXE EQUALS SEX .)
    TYPE            reduce using rule 47 (sexuality -> SEXE EQUALS SEX .)
    PROMOTION       reduce using rule 47 (sexuality -> SEXE EQUALS SEX .)
    LOGIN           reduce using rule 47 (sexuality -> SEXE EQUALS SEX .)
    MAIL            reduce using rule 47 (sexuality -> SEXE EQUALS SEX .)
    MDPASS          reduce using rule 47 (sexuality -> SEXE EQUALS SEX .)
    NUMERO          reduce using rule 47 (sexuality -> SEXE EQUALS SEX .)
    $end            reduce using rule 47 (sexuality -> SEXE EQUALS SEX .)


state 134

    (49) lieu_nais -> LIEUNAIS EQUALS TEXT .

    DATENAIS        reduce using rule 49 (lieu_nais -> LIEUNAIS EQUALS TEXT .)
    SEXE            reduce using rule 49 (lieu_nais -> LIEUNAIS EQUALS TEXT .)
    LIEUNAIS        reduce using rule 49 (lieu_nais -> LIEUNAIS EQUALS TEXT .)
    ADRS            reduce using rule 49 (lieu_nais -> LIEUNAIS EQUALS TEXT .)
    TYPE            reduce using rule 49 (lieu_nais -> LIEUNAIS EQUALS TEXT .)
    PROMOTION       reduce using rule 49 (lieu_nais -> LIEUNAIS EQUALS TEXT .)
    LOGIN           reduce using rule 49 (lieu_nais -> LIEUNAIS EQUALS TEXT .)
    MAIL            reduce using rule 49 (lieu_nais -> LIEUNAIS EQUALS TEXT .)
    MDPASS          reduce using rule 49 (lieu_nais -> LIEUNAIS EQUALS TEXT .)
    NUMERO          reduce using rule 49 (lieu_nais -> LIEUNAIS EQUALS TEXT .)
    $end            reduce using rule 49 (lieu_nais -> LIEUNAIS EQUALS TEXT .)


state 135

    (53) numero -> NUMERO EQUALS NUM .

    DATENAIS        reduce using rule 53 (numero -> NUMERO EQUALS NUM .)
    SEXE            reduce using rule 53 (numero -> NUMERO EQUALS NUM .)
    LIEUNAIS        reduce using rule 53 (numero -> NUMERO EQUALS NUM .)
    ADRS            reduce using rule 53 (numero -> NUMERO EQUALS NUM .)
    TYPE            reduce using rule 53 (numero -> NUMERO EQUALS NUM .)
    PROMOTION       reduce using rule 53 (numero -> NUMERO EQUALS NUM .)
    LOGIN           reduce using rule 53 (numero -> NUMERO EQUALS NUM .)
    MAIL            reduce using rule 53 (numero -> NUMERO EQUALS NUM .)
    MDPASS          reduce using rule 53 (numero -> NUMERO EQUALS NUM .)
    NUMERO          reduce using rule 53 (numero -> NUMERO EQUALS NUM .)
    $end            reduce using rule 53 (numero -> NUMERO EQUALS NUM .)


state 136

    (48) adresses -> ADRS EQUALS TEXT .

    DATENAIS        reduce using rule 48 (adresses -> ADRS EQUALS TEXT .)
    SEXE            reduce using rule 48 (adresses -> ADRS EQUALS TEXT .)
    LIEUNAIS        reduce using rule 48 (adresses -> ADRS EQUALS TEXT .)
    ADRS            reduce using rule 48 (adresses -> ADRS EQUALS TEXT .)
    TYPE            reduce using rule 48 (adresses -> ADRS EQUALS TEXT .)
    PROMOTION       reduce using rule 48 (adresses -> ADRS EQUALS TEXT .)
    LOGIN           reduce using rule 48 (adresses -> ADRS EQUALS TEXT .)
    MAIL            reduce using rule 48 (adresses -> ADRS EQUALS TEXT .)
    MDPASS          reduce using rule 48 (adresses -> ADRS EQUALS TEXT .)
    NUMERO          reduce using rule 48 (adresses -> ADRS EQUALS TEXT .)
    $end            reduce using rule 48 (adresses -> ADRS EQUALS TEXT .)


state 137

    (59) facul_uv -> UV EQUALS TEXT .

    $end            reduce using rule 59 (facul_uv -> UV EQUALS TEXT .)


state 138

    (11) noms -> ID noms .

    PRENOM          reduce using rule 11 (noms -> ID noms .)
    DATENAIS        reduce using rule 11 (noms -> ID noms .)
    SEXE            reduce using rule 11 (noms -> ID noms .)
    LIEUNAIS        reduce using rule 11 (noms -> ID noms .)
    ADRS            reduce using rule 11 (noms -> ID noms .)
    TYPE            reduce using rule 11 (noms -> ID noms .)
    PROMOTION       reduce using rule 11 (noms -> ID noms .)
    LOGIN           reduce using rule 11 (noms -> ID noms .)
    MAIL            reduce using rule 11 (noms -> ID noms .)
    MDPASS          reduce using rule 11 (noms -> ID noms .)
    NUMERO          reduce using rule 11 (noms -> ID noms .)
    $end            reduce using rule 11 (noms -> ID noms .)


state 139

    (2) expression -> SUPPRIMER PERSONNE NOM EQUALS noms facul2 .

    $end            reduce using rule 2 (expression -> SUPPRIMER PERSONNE NOM EQUALS noms facul2 .)


state 140

    (60) expression -> MODIFIER GROUPE condition_modifier_groupe NOUVEAU EQUALS TEXT .

    $end            reduce using rule 60 (expression -> MODIFIER GROUPE condition_modifier_groupe NOUVEAU EQUALS TEXT .)


state 141

    (34) expression -> MODIFIER attribut PERSONNE condition_modif NOUVEAU EQUALS . element
    (27) element -> . ID
    (28) element -> . TEXT
    (29) element -> . NUM
    (30) element -> . MAILXP
    (31) element -> . DATE
    (32) element -> . PROMOXP
    (33) element -> . SEX

    ID              shift and go to state 149
    TEXT            shift and go to state 143
    NUM             shift and go to state 148
    MAILXP          shift and go to state 145
    DATE            shift and go to state 147
    PROMOXP         shift and go to state 146
    SEX             shift and go to state 144

    element                        shift and go to state 158

state 142

    (14) condition_modif -> attribut EQUALS element .
    (15) condition_modif -> attribut EQUALS element . ET condition_modif

    NOUVEAU         reduce using rule 14 (condition_modif -> attribut EQUALS element .)
    ET              shift and go to state 159


state 143

    (28) element -> TEXT .

    $end            reduce using rule 28 (element -> TEXT .)
    ET              reduce using rule 28 (element -> TEXT .)
    NOUVEAU         reduce using rule 28 (element -> TEXT .)


state 144

    (33) element -> SEX .

    $end            reduce using rule 33 (element -> SEX .)
    ET              reduce using rule 33 (element -> SEX .)
    NOUVEAU         reduce using rule 33 (element -> SEX .)


state 145

    (30) element -> MAILXP .

    $end            reduce using rule 30 (element -> MAILXP .)
    ET              reduce using rule 30 (element -> MAILXP .)
    NOUVEAU         reduce using rule 30 (element -> MAILXP .)


state 146

    (32) element -> PROMOXP .

    $end            reduce using rule 32 (element -> PROMOXP .)
    ET              reduce using rule 32 (element -> PROMOXP .)
    NOUVEAU         reduce using rule 32 (element -> PROMOXP .)


state 147

    (31) element -> DATE .

    $end            reduce using rule 31 (element -> DATE .)
    ET              reduce using rule 31 (element -> DATE .)
    NOUVEAU         reduce using rule 31 (element -> DATE .)


state 148

    (29) element -> NUM .

    $end            reduce using rule 29 (element -> NUM .)
    ET              reduce using rule 29 (element -> NUM .)
    NOUVEAU         reduce using rule 29 (element -> NUM .)


state 149

    (27) element -> ID .

    $end            reduce using rule 27 (element -> ID .)
    ET              reduce using rule 27 (element -> ID .)
    NOUVEAU         reduce using rule 27 (element -> ID .)


state 150

    (64) expression -> MODIFIER UV condition_modifier_uv NOUVEAU EQUALS TEXT .

    $end            reduce using rule 64 (expression -> MODIFIER UV condition_modifier_uv NOUVEAU EQUALS TEXT .)


state 151

    (70) but_modifier_module -> NOUVEAU EQUALS TEXT .
    (71) but_modifier_module -> NOUVEAU EQUALS TEXT . UV EQUALS TEXT

    $end            reduce using rule 70 (but_modifier_module -> NOUVEAU EQUALS TEXT .)
    UV              shift and go to state 160


state 152

    (63) expression -> AJOUTER UV TEXT NUM EQUALS FLOAT .

    $end            reduce using rule 63 (expression -> AJOUTER UV TEXT NUM EQUALS FLOAT .)


state 153

    (67) expression -> AJOUTER MODULE TEXT UV EQUALS TEXT .

    $end            reduce using rule 67 (expression -> AJOUTER MODULE TEXT UV EQUALS TEXT .)


state 154

    (9) expression -> AJOUTER PERSONNE NOM EQUALS noms PRENOM . EQUALS prenoms facul

    EQUALS          shift and go to state 161


state 155

    (5) facul3 -> NOM EQUALS noms facul2 .

    $end            reduce using rule 5 (facul3 -> NOM EQUALS noms facul2 .)


state 156

    (13) prenoms -> ID prenoms .

    DATENAIS        reduce using rule 13 (prenoms -> ID prenoms .)
    SEXE            reduce using rule 13 (prenoms -> ID prenoms .)
    LIEUNAIS        reduce using rule 13 (prenoms -> ID prenoms .)
    ADRS            reduce using rule 13 (prenoms -> ID prenoms .)
    TYPE            reduce using rule 13 (prenoms -> ID prenoms .)
    PROMOTION       reduce using rule 13 (prenoms -> ID prenoms .)
    LOGIN           reduce using rule 13 (prenoms -> ID prenoms .)
    MAIL            reduce using rule 13 (prenoms -> ID prenoms .)
    MDPASS          reduce using rule 13 (prenoms -> ID prenoms .)
    NUMERO          reduce using rule 13 (prenoms -> ID prenoms .)
    $end            reduce using rule 13 (prenoms -> ID prenoms .)


state 157

    (7) facul2 -> PRENOM EQUALS prenoms facul .

    $end            reduce using rule 7 (facul2 -> PRENOM EQUALS prenoms facul .)


state 158

    (34) expression -> MODIFIER attribut PERSONNE condition_modif NOUVEAU EQUALS element .

    $end            reduce using rule 34 (expression -> MODIFIER attribut PERSONNE condition_modif NOUVEAU EQUALS element .)


state 159

    (15) condition_modif -> attribut EQUALS element ET . condition_modif
    (14) condition_modif -> . attribut EQUALS element
    (15) condition_modif -> . attribut EQUALS element ET condition_modif
    (16) attribut -> . NOM
    (17) attribut -> . PRENOM
    (18) attribut -> . ADRS
    (19) attribut -> . SEXE
    (20) attribut -> . PROMOTION
    (21) attribut -> . MAIL
    (22) attribut -> . LIEUNAIS
    (23) attribut -> . NUMERO
    (24) attribut -> . LOGIN
    (25) attribut -> . MDPASS
    (26) attribut -> . DATENAIS

    NOM             shift and go to state 16
    PRENOM          shift and go to state 24
    ADRS            shift and go to state 23
    SEXE            shift and go to state 20
    PROMOTION       shift and go to state 13
    MAIL            shift and go to state 19
    LIEUNAIS        shift and go to state 22
    NUMERO          shift and go to state 21
    LOGIN           shift and go to state 10
    MDPASS          shift and go to state 15
    DATENAIS        shift and go to state 18

    condition_modif                shift and go to state 162
    attribut                       shift and go to state 79

state 160

    (71) but_modifier_module -> NOUVEAU EQUALS TEXT UV . EQUALS TEXT

    EQUALS          shift and go to state 163


state 161

    (9) expression -> AJOUTER PERSONNE NOM EQUALS noms PRENOM EQUALS . prenoms facul
    (12) prenoms -> . ID
    (13) prenoms -> . ID prenoms

    ID              shift and go to state 129

    prenoms                        shift and go to state 164

state 162

    (15) condition_modif -> attribut EQUALS element ET condition_modif .

    NOUVEAU         reduce using rule 15 (condition_modif -> attribut EQUALS element ET condition_modif .)


state 163

    (71) but_modifier_module -> NOUVEAU EQUALS TEXT UV EQUALS . TEXT

    TEXT            shift and go to state 165


state 164

    (9) expression -> AJOUTER PERSONNE NOM EQUALS noms PRENOM EQUALS prenoms . facul
    (35) facul -> . date_naiss facul
    (36) facul -> . sexuality facul
    (37) facul -> . lieu_nais facul
    (38) facul -> . adresses facul
    (39) facul -> . type facul
    (40) facul -> . promotion facul
    (41) facul -> . login facul
    (42) facul -> . mail facul
    (43) facul -> . mdp facul
    (44) facul -> . numero facul
    (45) facul -> .
    (46) date_naiss -> . DATENAIS EQUALS DATE
    (47) sexuality -> . SEXE EQUALS SEX
    (49) lieu_nais -> . LIEUNAIS EQUALS TEXT
    (48) adresses -> . ADRS EQUALS TEXT
    (50) type -> . TYPE EQUALS NUM
    (51) promotion -> . PROMOTION EQUALS PROMOXP
    (55) login -> . LOGIN EQUALS ID
    (54) mail -> . MAIL EQUALS MAILXP
    (52) mdp -> . MDPASS EQUALS TEXT
    (53) numero -> . NUMERO EQUALS NUM

    $end            reduce using rule 45 (facul -> .)
    DATENAIS        shift and go to state 59
    SEXE            shift and go to state 65
    LIEUNAIS        shift and go to state 66
    ADRS            shift and go to state 72
    TYPE            shift and go to state 53
    PROMOTION       shift and go to state 55
    LOGIN           shift and go to state 49
    MAIL            shift and go to state 63
    MDPASS          shift and go to state 54
    NUMERO          shift and go to state 67

    mdp                            shift and go to state 62
    numero                         shift and go to state 48
    type                           shift and go to state 50
    promotion                      shift and go to state 56
    date_naiss                     shift and go to state 57
    sexuality                      shift and go to state 68
    lieu_nais                      shift and go to state 69
    facul                          shift and go to state 166
    adresses                       shift and go to state 60
    login                          shift and go to state 71
    mail                           shift and go to state 61

state 165

    (71) but_modifier_module -> NOUVEAU EQUALS TEXT UV EQUALS TEXT .

    $end            reduce using rule 71 (but_modifier_module -> NOUVEAU EQUALS TEXT UV EQUALS TEXT .)


state 166

    (9) expression -> AJOUTER PERSONNE NOM EQUALS noms PRENOM EQUALS prenoms facul .

    $end            reduce using rule 9 (expression -> AJOUTER PERSONNE NOM EQUALS noms PRENOM EQUALS prenoms facul .)

WARNING: 
WARNING: Conflicts:
WARNING: 
WARNING: reduce/reduce conflict in state 31 resolved using rule (expression -> AFFICHER PERSONNE)
WARNING: rejected rule (facul -> <empty>) in state 31
